[    0.000000] Initializing cgroup subsys cpuset
[    0.000000] Initializing cgroup subsys cpu
[    0.000000] Initializing cgroup subsys cpuacct
[    0.000000] Linux version 4.4.0-210-generic (buildd@lgw01-amd64-009) (gcc version 5.4.0 20160609 (Ubuntu 5.4.0-6ubuntu1~16.04.12) ) #242-Ubuntu SMP Fri Apr 16 09:57:56 UTC 2021 (Ubuntu 4.4.0-210.242-generic 4.4.262)
[    0.000000] Command line: BOOT_IMAGE=/boot/vmlinuz-4.4.0-210-generic root=LABEL=cloudimg-rootfs ro console=tty1 console=ttyS0
[    0.000000] KERNEL supported cpus:
[    0.000000]   Intel GenuineIntel
[    0.000000]   AMD AuthenticAMD
[    0.000000]   Centaur CentaurHauls
[    0.000000] x86/fpu: Legacy x87 FPU detected.
[    0.000000] e820: BIOS-provided physical RAM map:
[    0.000000] BIOS-e820: [mem 0x0000000000000000-0x000000000009fbff] usable
[    0.000000] BIOS-e820: [mem 0x000000000009fc00-0x000000000009ffff] reserved
[    0.000000] BIOS-e820: [mem 0x00000000000f0000-0x00000000000fffff] reserved
[    0.000000] BIOS-e820: [mem 0x0000000000100000-0x000000003ffeffff] usable
[    0.000000] BIOS-e820: [mem 0x000000003fff0000-0x000000003fffffff] ACPI data
[    0.000000] BIOS-e820: [mem 0x00000000fec00000-0x00000000fec00fff] reserved
[    0.000000] BIOS-e820: [mem 0x00000000fee00000-0x00000000fee00fff] reserved
[    0.000000] BIOS-e820: [mem 0x00000000fffc0000-0x00000000ffffffff] reserved
[    0.000000] NX (Execute Disable) protection: active
[    0.000000] SMBIOS 2.5 present.
[    0.000000] Hypervisor detected: KVM
[    0.000000] Kernel/User page tables isolation: disabled
[    0.000000] e820: last_pfn = 0x3fff0 max_arch_pfn = 0x400000000
[    0.000000] MTRR: Disabled
[    0.000000] x86/PAT: MTRRs disabled, skipping PAT initialization too.
[    0.000000] CPU MTRRs all blank - virtualized system.
[    0.000000] x86/PAT: Configuration [0-7]: WB  WT  UC- UC  WB  WT  UC- UC  
[    0.000000] found SMP MP-table at [mem 0x0009fff0-0x0009ffff] mapped at [ffff88000009fff0]
[    0.000000] Scanning 1 areas for low memory corruption
[    0.000000] RAMDISK: [mem 0x362dc000-0x37165fff]
[    0.000000] ACPI: Early table checksum verification disabled
[    0.000000] ACPI: RSDP 0x00000000000E0000 000024 (v02 VBOX  )
[    0.000000] ACPI: XSDT 0x000000003FFF0030 00003C (v01 VBOX   VBOXXSDT 00000001 ASL  00000061)
[    0.000000] ACPI: FACP 0x000000003FFF00F0 0000F4 (v04 VBOX   VBOXFACP 00000001 ASL  00000061)
[    0.000000] ACPI: DSDT 0x000000003FFF0470 002325 (v02 VBOX   VBOXBIOS 00000002 INTL 20100528)
[    0.000000] ACPI: FACS 0x000000003FFF0200 000040
[    0.000000] ACPI: FACS 0x000000003FFF0200 000040
[    0.000000] ACPI: APIC 0x000000003FFF0240 00005C (v02 VBOX   VBOXAPIC 00000001 ASL  00000061)
[    0.000000] ACPI: SSDT 0x000000003FFF02A0 0001CC (v01 VBOX   VBOXCPUT 00000002 INTL 20100528)
[    0.000000] No NUMA configuration found
[    0.000000] Faking a node at [mem 0x0000000000000000-0x000000003ffeffff]
[    0.000000] NODE_DATA(0) allocated [mem 0x3ffeb000-0x3ffeffff]
[    0.000000] kvm-clock: Using msrs 4b564d01 and 4b564d00
[    0.000000] kvm-clock: cpu 0, msr 0:3ffe3001, primary cpu clock
[    0.000000] kvm-clock: using sched offset of 8345801653 cycles
[    0.000000] clocksource: kvm-clock: mask: 0xffffffffffffffff max_cycles: 0x1cd42e4dffb, max_idle_ns: 881590591483 ns
[    0.000000] Zone ranges:
[    0.000000]   DMA      [mem 0x0000000000001000-0x0000000000ffffff]
[    0.000000]   DMA32    [mem 0x0000000001000000-0x000000003ffeffff]
[    0.000000]   Normal   empty
[    0.000000]   Device   empty
[    0.000000] Movable zone start for each node
[    0.000000] Early memory node ranges
[    0.000000]   node   0: [mem 0x0000000000001000-0x000000000009efff]
[    0.000000]   node   0: [mem 0x0000000000100000-0x000000003ffeffff]
[    0.000000] Initmem setup node 0 [mem 0x0000000000001000-0x000000003ffeffff]
[    0.000000] ACPI: PM-Timer IO Port: 0x4008
[    0.000000] IOAPIC[0]: apic_id 2, version 32, address 0xfec00000, GSI 0-23
[    0.000000] ACPI: INT_SRC_OVR (bus 0 bus_irq 0 global_irq 2 dfl dfl)
[    0.000000] ACPI: INT_SRC_OVR (bus 0 bus_irq 9 global_irq 9 low level)
[    0.000000] Using ACPI (MADT) for SMP configuration information
[    0.000000] smpboot: Allowing 2 CPUs, 0 hotplug CPUs
[    0.000000] PM: Registered nosave memory: [mem 0x00000000-0x00000fff]
[    0.000000] PM: Registered nosave memory: [mem 0x0009f000-0x0009ffff]
[    0.000000] PM: Registered nosave memory: [mem 0x000a0000-0x000effff]
[    0.000000] PM: Registered nosave memory: [mem 0x000f0000-0x000fffff]
[    0.000000] e820: [mem 0x40000000-0xfebfffff] available for PCI devices
[    0.000000] Booting paravirtualized kernel on KVM
[    0.000000] clocksource: refined-jiffies: mask: 0xffffffff max_cycles: 0xffffffff, max_idle_ns: 7645519600211568 ns
[    0.000000] setup_percpu: NR_CPUS:512 nr_cpumask_bits:512 nr_cpu_ids:2 nr_node_ids:1
[    0.000000] PERCPU: Embedded 33 pages/cpu @ffff88003fc00000 s95192 r8192 d31784 u1048576
[    0.000000] Built 1 zonelists in Node order, mobility grouping on.  Total pages: 257912
[    0.000000] Policy zone: DMA32
[    0.000000] Kernel command line: BOOT_IMAGE=/boot/vmlinuz-4.4.0-210-generic root=LABEL=cloudimg-rootfs ro console=tty1 console=ttyS0
[    0.000000] PID hash table entries: 4096 (order: 3, 32768 bytes)
[    0.000000] Memory: 997792K/1048120K available (8644K kernel code, 1332K rwdata, 4044K rodata, 1492K init, 1164K bss, 50328K reserved, 0K cma-reserved)
[    0.000000] SLUB: HWalign=64, Order=0-3, MinObjects=0, CPUs=2, Nodes=1
[    0.000000] Hierarchical RCU implementation.
[    0.000000] 	Build-time adjustment of leaf fanout to 64.
[    0.000000] 	RCU restricting CPUs from NR_CPUS=512 to nr_cpu_ids=2.
[    0.000000] RCU: Adjusting geometry for rcu_fanout_leaf=64, nr_cpu_ids=2
[    0.000000] NR_IRQS:33024 nr_irqs:440 16
[    0.000000] Console: colour VGA+ 80x25
[    0.000000] console [tty1] enabled
[    0.000000] console [ttyS0] enabled
[    0.000000] tsc: Detected 1190.402 MHz processor
[    2.431883] Calibrating delay loop (skipped) preset value.. 2380.80 BogoMIPS (lpj=4761608)
[    2.479767] pid_max: default: 32768 minimum: 301
[    2.505864] ACPI: Core revision 20150930
[    2.527442] ACPI: 2 ACPI AML tables successfully acquired and loaded
[    2.567491] Security Framework initialized
[    2.593256] Yama: becoming mindful.
[    2.611551] AppArmor: AppArmor initialized
[    2.632294] Dentry cache hash table entries: 131072 (order: 8, 1048576 bytes)
[    2.696695] Inode-cache hash table entries: 65536 (order: 7, 524288 bytes)
[    2.743036] Mount-cache hash table entries: 2048 (order: 2, 16384 bytes)
[    2.782568] Mountpoint-cache hash table entries: 2048 (order: 2, 16384 bytes)
[    2.826140] Initializing cgroup subsys io
[    2.848002] Initializing cgroup subsys memory
[    2.874393] Initializing cgroup subsys devices
[    2.894213] Initializing cgroup subsys freezer
[    2.908290] Initializing cgroup subsys net_cls
[    2.922987] Initializing cgroup subsys perf_event
[    2.939593] Initializing cgroup subsys net_prio
[    2.961097] Initializing cgroup subsys hugetlb
[    2.983117] Initializing cgroup subsys pids
[    3.007388] mce: CPU supports 0 MCE banks
[    3.030672] Last level iTLB entries: 4KB 0, 2MB 0, 4MB 0
[    3.057251] Last level dTLB entries: 4KB 0, 2MB 0, 4MB 0, 1GB 0
[    3.095339] Spectre V1 : Mitigation: usercopy/swapgs barriers and __user pointer sanitization
[    3.144983] Spectre V2 : Mitigation: Enhanced IBRS
[    3.165919] Spectre V2 : Spectre v2 / SpectreRSB mitigation: Filling RSB on context switch
[    3.208558] Speculative Store Bypass: Vulnerable
[    3.415806] Freeing SMP alternatives memory: 36K
[    3.801854] ftrace: allocating 32380 entries in 127 pages
[    6.162560] smpboot: APIC(0) Converting physical 0 to logical package 0
[    6.200655] smpboot: Max logical packages: 1
[    6.283095] ..TIMER: vector=0x30 apic1=0 pin1=2 apic2=-1 pin2=-1
[    6.417737] APIC calibration not consistent with PM-Timer: 103ms instead of 100ms
[    6.433272] APIC delta adjusted to PM-Timer: 6282663 (6514590)
[    6.453554] smpboot: CPU0: Intel(R) Core(TM) i5-1035G1 CPU @ 1.00GHz (family: 0x6, model: 0x7e, stepping: 0x5)
[    6.499694] Performance Events: unsupported p6 CPU model 126 no PMU driver, software events only.
[    6.854769] KVM setup paravirtual spinlock
[    6.891790] x86: Booting SMP configuration:
[    6.907697] .... node  #0, CPUs:      #1
[    6.929940] kvm-clock: cpu 1, msr 0:3ffe3041, secondary cpu clock
[    6.945212] mce: CPU supports 0 MCE banks
[    6.956440] x86: Booted up 1 node, 2 CPUs
[    6.971910] smpboot: Total of 2 processors activated (4761.60 BogoMIPS)
[    7.001588] devtmpfs: initialized
[    7.017410] evm: security.selinux
[    7.026887] evm: security.SMACK64
[    7.037524] evm: security.SMACK64EXEC
[    7.049269] evm: security.SMACK64TRANSMUTE
[    7.060329] evm: security.SMACK64MMAP
[    7.073892] evm: security.ima
[    7.085011] evm: security.capability
[    7.100720] clocksource: jiffies: mask: 0xffffffff max_cycles: 0xffffffff, max_idle_ns: 7645041785100000 ns
[    7.128310] futex hash table entries: 512 (order: 3, 32768 bytes)
[    7.145620] pinctrl core: initialized pinctrl subsystem
[    7.163557] RTC time:  5:31:49, date: 11/25/21
[    7.184626] NET: Registered protocol family 16
[    7.213183] cpuidle: using governor ladder
[    7.233409] cpuidle: using governor menu
[    7.247112] PCCT header not found.
[    7.257977] ACPI: bus type PCI registered
[    7.269943] acpiphp: ACPI Hot Plug PCI Controller Driver version: 0.5
[    7.292734] PCI: Using configuration type 1 for base access
[    7.334633] ACPI: Added _OSI(Module Device)
[    7.346778] ACPI: Added _OSI(Processor Device)
[    7.360707] ACPI: Added _OSI(3.0 _SCP Extensions)
[    7.375694] ACPI: Added _OSI(Processor Aggregator Device)
[    7.396616] ACPI: Executed 1 blocks of module-level executable AML code
[    7.439904] ACPI: Interpreter enabled
[    7.453217] ACPI: (supports S0 S5)
[    7.463702] ACPI: Using IOAPIC for interrupt routing
[    7.478640] PCI: Using host bridge windows from ACPI; if necessary, use "pci=nocrs" and report a bug
[    7.532943] ACPI: PCI Root Bridge [PCI0] (domain 0000 [bus 00-ff])
[    7.553300] acpi PNP0A03:00: _OSC: OS supports [ASPM ClockPM Segments MSI]
[    7.576729] acpi PNP0A03:00: _OSC: not requesting OS control; OS requires [ExtendedConfig ASPM ClockPM MSI]
[    7.607540] acpi PNP0A03:00: fail to add MMCONFIG information, can't access extended PCI configuration space under this bridge.
[    7.652649] PCI host bridge to bus 0000:00
[    7.668677] pci_bus 0000:00: root bus resource [io  0x0000-0x0cf7 window]
[    7.692620] pci_bus 0000:00: root bus resource [io  0x0d00-0xffff window]
[    7.715753] pci_bus 0000:00: root bus resource [mem 0x000a0000-0x000bffff window]
[    7.739552] pci_bus 0000:00: root bus resource [mem 0x40000000-0xfdffffff window]
[    7.757399] pci_bus 0000:00: root bus resource [bus 00-ff]
[    7.811026] pci 0000:00:01.1: legacy IDE quirk: reg 0x10: [io  0x01f0-0x01f7]
[    7.837120] pci 0000:00:01.1: legacy IDE quirk: reg 0x14: [io  0x03f6]
[    7.850581] pci 0000:00:01.1: legacy IDE quirk: reg 0x18: [io  0x0170-0x0177]
[    7.866560] pci 0000:00:01.1: legacy IDE quirk: reg 0x1c: [io  0x0376]
[    8.455707] pci 0000:00:07.0: quirk: [io  0x4000-0x403f] claimed by PIIX4 ACPI
[    8.500015] pci 0000:00:07.0: quirk: [io  0x4100-0x410f] claimed by PIIX4 SMB
[    8.578051] ACPI: PCI Interrupt Link [LNKA] (IRQs 5 9 10 *11)
[    8.624810] ACPI: PCI Interrupt Link [LNKB] (IRQs 5 9 *10 11)
[    8.657468] ACPI: PCI Interrupt Link [LNKC] (IRQs 5 *9 10 11)
[    8.759954] ACPI: PCI Interrupt Link [LNKD] (IRQs 5 9 10 *11)
[    8.805735] ACPI: Enabled 2 GPEs in block 00 to 07
[    8.832249] vgaarb: setting as boot device: PCI:0000:00:02.0
[    8.855090] vgaarb: device added: PCI:0000:00:02.0,decodes=io+mem,owns=io+mem,locks=none
[    8.883736] vgaarb: loaded
[    8.894102] vgaarb: bridge control possible 0000:00:02.0
[    8.917891] SCSI subsystem initialized
[    8.940518] ACPI: bus type USB registered
[    8.960399] usbcore: registered new interface driver usbfs
[    8.987750] usbcore: registered new interface driver hub
[    9.008776] usbcore: registered new device driver usb
[    9.036010] PCI: Using ACPI for IRQ routing
[    9.059650] NetLabel: Initializing
[    9.078930] NetLabel:  domain hash size = 128
[    9.089827] NetLabel:  protocols = UNLABELED CIPSOv4
[    9.110779] NetLabel:  unlabeled traffic allowed by default
[    9.132035] amd_nb: Cannot enumerate AMD northbridges
[    9.151535] clocksource: Switched to clocksource kvm-clock
[    9.342494] AppArmor: AppArmor Filesystem Enabled
[    9.362511] pnp: PnP ACPI init
[    9.381863] pnp: PnP ACPI: found 3 devices
[    9.407859] clocksource: acpi_pm: mask: 0xffffff max_cycles: 0xffffff, max_idle_ns: 2085701024 ns
[    9.441039] NET: Registered protocol family 2
[    9.462981] TCP established hash table entries: 8192 (order: 4, 65536 bytes)
[    9.488724] TCP bind hash table entries: 8192 (order: 5, 131072 bytes)
[    9.517538] TCP: Hash tables configured (established 8192 bind 8192)
[    9.546146] UDP hash table entries: 512 (order: 2, 16384 bytes)
[    9.569225] UDP-Lite hash table entries: 512 (order: 2, 16384 bytes)
[    9.592998] NET: Registered protocol family 1
[    9.609357] pci 0000:00:00.0: Limiting direct PCI/PCI transfers
[    9.632209] pci 0000:00:01.0: Activating ISA DMA hang workarounds
[    9.656394] Unpacking initramfs...
[   11.394270] Freeing initrd memory: 14888K
[   11.414160] clocksource: tsc: mask: 0xffffffffffffffff max_cycles: 0x1128b0cf317, max_idle_ns: 440795227453 ns
[   11.455395] platform rtc_cmos: registered platform RTC device (no PNP device found)
[   11.487430] Scanning for low memory corruption every 60 seconds
[   11.516813] audit: initializing netlink subsys (disabled)
[   11.540339] audit: type=2000 audit(1637818318.011:1): initialized
[   11.568567] Initialise system trusted keyring
[   11.586068] HugeTLB registered 2 MB page size, pre-allocated 0 pages
[   11.626873] zbud: loaded
[   11.636523] VFS: Disk quotas dquot_6.6.0
[   11.654301] VFS: Dquot-cache hash table entries: 512 (order 0, 4096 bytes)
[   11.683217] squashfs: version 4.0 (2009/01/31) Phillip Lougher
[   11.709074] fuse init (API version 7.23)
[   11.725285] Key type big_key registered
[   11.739904] Allocating IMA MOK and blacklist keyrings.
[   11.786874] Key type asymmetric registered
[   11.804784] Asymmetric key parser 'x509' registered
[   11.821509] Block layer SCSI generic (bsg) driver version 0.4 loaded (major 249)
[   11.846136] io scheduler noop registered
[   11.860312] io scheduler deadline registered (default)
[   11.882876] io scheduler cfq registered
[   11.898040] pci_hotplug: PCI Hot Plug PCI Core version: 0.5
[   11.918567] pciehp: PCI Express Hot Plug Controller Driver version: 0.4
[   11.938632] ACPI: AC Adapter [AC] (off-line)
[   11.954585] input: Power Button as /devices/LNXSYSTM:00/LNXPWRBN:00/input/input0
[   11.982802] ACPI: Power Button [PWRF]
[   11.997840] input: Sleep Button as /devices/LNXSYSTM:00/LNXSLPBN:00/input/input1
[   12.023510] ACPI: Sleep Button [SLPF]
[   12.040153] GHES: HEST is not enabled!
[   12.045939] ACPI: Battery Slot [BAT0] (battery present)
[   12.076559] Serial: 8250/16550 driver, 32 ports, IRQ sharing enabled
[   12.164495] 00:02: ttyS0 at I/O 0x3f8 (irq = 4, base_baud = 115200) is a 16550A
[   12.198653] Linux agpgart interface v0.103
[   12.253529] loop: module loaded
[   12.289257] scsi host0: ata_piix
[   12.306773] scsi host1: ata_piix
[   12.320497] ata1: PATA max UDMA/33 cmd 0x1f0 ctl 0x3f6 bmdma 0xd000 irq 14
[   12.346580] ata2: PATA max UDMA/33 cmd 0x170 ctl 0x376 bmdma 0xd008 irq 15
[   12.373358] libphy: Fixed MDIO Bus: probed
[   12.395587] tun: Universal TUN/TAP device driver, 1.6
[   12.413081] tun: (C) 1999-2004 Max Krasnyansky <maxk@qualcomm.com>
[   12.437847] PPP generic driver version 2.4.2
[   12.452677] ehci_hcd: USB 2.0 'Enhanced' Host Controller (EHCI) Driver
[   12.472895] ehci-pci: EHCI PCI platform driver
[   12.489473] ehci-platform: EHCI generic platform driver
[   12.508018] ohci_hcd: USB 1.1 'Open' Host Controller (OHCI) Driver
[   12.528946] ohci-pci: OHCI PCI platform driver
[   12.604153] ohci-platform: OHCI generic platform driver
[   12.617840] uhci_hcd: USB Universal Host Controller Interface driver
[   12.638540] i8042: PNP: PS/2 Controller [PNP0303:PS2K,PNP0f03:PS2M] at 0x60,0x64 irq 1,12
[   12.689000] serio: i8042 KBD port at 0x60,0x64 irq 1
[   12.704055] serio: i8042 AUX port at 0x60,0x64 irq 12
[   12.725328] mousedev: PS/2 mouse device common for all mice
[   12.761466] input: AT Translated Set 2 keyboard as /devices/platform/i8042/serio0/input/input2
[   12.793234] rtc_cmos rtc_cmos: rtc core: registered rtc_cmos as rtc0
[   12.818889] rtc_cmos rtc_cmos: alarms up to one day, 114 bytes nvram
[   12.841745] i2c /dev entries driver
[   12.857596] device-mapper: uevent: version 1.0.3
[   12.877629] device-mapper: ioctl: 4.34.0-ioctl (2015-10-28) initialised: dm-devel@redhat.com
[   12.912200] ledtrig-cpu: registered to indicate activity on CPUs
[   12.945216] NET: Registered protocol family 10
[   12.964992] NET: Registered protocol family 17
[   12.982454] Key type dns_resolver registered
[   13.001511] registered taskstats version 1
[   13.015020] Loading compiled-in X.509 certificates
[   13.031007] Loaded X.509 cert 'Build time autogenerated kernel key: cf00e047681d67edb2720680708b7d9498083038'
[   13.063030] zswap: loaded using pool lzo/zbud
[   13.100604] Key type trusted registered
[   13.144125] Key type encrypted registered
[   13.163728] AppArmor: AppArmor sha1 policy hashing enabled
[   13.190720] ima: No TPM chip found, activating TPM-bypass!
[   13.217128] ima: Allocated hash algorithm: sha1
[   13.236115] evm: HMAC attrs: 0x1
[   13.255276]   Magic number: 13:914:517
[   13.274476] rtc_cmos rtc_cmos: setting system clock to 2021-11-25 05:31:55 UTC (1637818315)
[   13.307247] BIOS EDD facility v0.16 2004-Jun-25, 0 devices found
[   13.334045] EDD information not available.
[   13.360121] Freeing unused kernel memory: 1492K
[   13.389496] Write protecting the kernel read-only data: 14336k
[   13.416700] Freeing unused kernel memory: 1584K
[   13.435119] Freeing unused kernel memory: 52K
Loading, please wait...
starting version 229
[   13.565876] random: systemd-udevd: uninitialized urandom read (16 bytes read, 7 bits of entropy available)
[   13.566501] random: udevadm: uninitialized urandom read (16 bytes read, 7 bits of entropy available)
[   13.566566] random: udevadm: uninitialized urandom read (16 bytes read, 7 bits of entropy available)
[   13.628544] random: udevadm: uninitialized urandom read (16 bytes read, 7 bits of entropy available)
[   13.628697] random: udevadm: uninitialized urandom read (16 bytes read, 7 bits of entropy available)
[   13.629461] random: udevadm: uninitialized urandom read (16 bytes read, 7 bits of entropy available)
[   13.629661] random: udevadm: uninitialized urandom read (16 bytes read, 7 bits of entropy available)
[   13.629846] random: udevadm: uninitialized urandom read (16 bytes read, 7 bits of entropy available)
[   13.630145] random: udevadm: uninitialized urandom read (16 bytes read, 7 bits of entropy available)
[   13.630570] random: udevadm: uninitialized urandom read (16 bytes read, 7 bits of entropy available)
[   14.079351] e1000: Intel(R) PRO/1000 Network Driver - version 7.3.21-k8-NAPI
[   14.104020] e1000: Copyright (c) 1999-2006 Intel Corporation.
[   14.133406] Fusion MPT base driver 3.04.20
[   14.151263] Copyright (c) 1999-2008 LSI Corporation
[   14.329018] Fusion MPT SPI Host driver 3.04.20
[   14.557387] input: ImExPS/2 Generic Explorer Mouse as /devices/platform/i8042/serio1/input/input4
[   16.058961] e1000 0000:00:03.0 eth0: (PCI:33MHz:32-bit) 02:be:82:6b:cc:1d
[   16.084536] e1000 0000:00:03.0 eth0: Intel(R) PRO/1000 Network Connection
[   16.125010] mptbase: ioc0: Initiating bringup
[   16.529060] ioc0: LSI53C1030 A0: Capabilities={Initiator}
[   17.074370] scsi host2: ioc0: LSI53C1030 A0, FwRev=00000000h, Ports=1, MaxQ=256, IRQ=20
[   17.248598] scsi 2:0:0:0: Direct-Access     VBOX     HARDDISK         1.0  PQ: 0 ANSI: 5
[   17.277090] scsi target2:0:0: Beginning Domain Validation
[   17.349826] scsi target2:0:0: Domain Validation skipping write tests
[   17.371126] scsi target2:0:0: Ending Domain Validation
[   17.388145] scsi target2:0:0: asynchronous
[   17.416946] scsi 2:0:1:0: Direct-Access     VBOX     HARDDISK         1.0  PQ: 0 ANSI: 5
[   17.449075] scsi target2:0:1: Beginning Domain Validation
[   17.502982] scsi target2:0:1: Domain Validation skipping write tests
[   17.525659] scsi target2:0:1: Ending Domain Validation
[   17.547053] scsi target2:0:1: asynchronous
[   17.618972] sd 2:0:0:0: Attached scsi generic sg0 type 0
[   17.637463] sd 2:0:0:0: [sda] 83886080 512-byte logical blocks: (42.9 GB/40.0 GiB)
[   17.669153] sd 2:0:1:0: Attached scsi generic sg1 type 0
[   17.693545] sd 2:0:1:0: [sdb] 20480 512-byte logical blocks: (10.5 MB/10.0 MiB)
[   17.733353] sd 2:0:0:0: [sda] Write Protect is off
[   17.758506] sd 2:0:1:0: [sdb] Write Protect is off
[   17.776288] sd 2:0:0:0: [sda] Incomplete mode parameter data
[   17.879773] sd 2:0:0:0: [sda] Assuming drive cache: write through
[   17.911179] sd 2:0:1:0: [sdb] Incomplete mode parameter data
[   17.932664] sd 2:0:1:0: [sdb] Assuming drive cache: write through
[   17.968939]  sda: sda1
[   18.001322] sd 2:0:0:0: [sda] Attached SCSI disk
[   18.025635] sd 2:0:1:0: [sdb] Attached SCSI disk
[   19.138509] e1000 0000:00:08.0 eth1: (PCI:33MHz:32-bit) 08:00:27:e0:3e:59
[   19.156922] e1000 0000:00:08.0 eth1: Intel(R) PRO/1000 Network Connection
[   19.190477] e1000 0000:00:08.0 enp0s8: renamed from eth1
[   19.221622] e1000 0000:00:03.0 enp0s3: renamed from eth0
Begin: Loading essential drivers ... [   22.173335] md: linear personality registered for level -1
[   22.206745] md: multipath personality registered for level -4
[   22.242858] md: raid0 personality registered for level 0
[   22.316267] md: raid1 personality registered for level 1
[   22.424127] raid6: sse2x1   gen()  3249 MB/s
[   22.508240] raid6: sse2x1   xor()  2232 MB/s
[   22.592297] raid6: sse2x2   gen()  4254 MB/s
[   22.671847] raid6: sse2x2   xor()  2692 MB/s
[   22.752177] raid6: sse2x4   gen()  4399 MB/s
[   22.835798] raid6: sse2x4   xor()  2640 MB/s
[   22.855225] raid6: using algorithm sse2x4 gen() 4399 MB/s
[   22.874562] raid6: .... xor() 2640 MB/s, rmw enabled
[   22.894198] raid6: using ssse3x2 recovery algorithm
[   22.913514] xor: measuring software checksum speed
[   27.813950]    prefetch64-sse: 1583738.000 MB/sec
[   27.930237]    generic_sse: 15939.000 MB/sec
[   27.945289] xor: using function: prefetch64-sse (1583738.000 MB/sec)
[   27.977650] async_tx: api initialized (async)
[   28.131847] md: raid6 personality registered for level 6
[   28.147784] md: raid5 personality registered for level 5
[   28.164467] md: raid4 personality registered for level 4
[   28.253278] md: raid10 personality registered for level 10
done.
Begin: Running /scripts/init-premount ... done.
Begin: Mounting root file system ... Begin: Running /scripts/local-top ... done.
Begin: Running /scripts/local-premount ... [   28.537071] Btrfs loaded
Scanning for Btrfs filesystems
done.
Warning: fsck not present, so skipping root file system
[   28.761714] EXT4-fs (sda1): mounted filesystem with ordered data mode. Opts: (null)
done.
Begin: Running /scripts/local-bottom ... done.
Begin: Running /scripts/init-bottom ... done.
[   29.422165] systemd[1]: systemd 229 running in system mode. (+PAM +AUDIT +SELINUX +IMA +APPARMOR +SMACK +SYSVINIT +UTMP +LIBCRYPTSETUP +GCRYPT +GNUTLS +ACL +XZ -LZ4 +SECCOMP +BLKID +ELFUTILS +KMOD -IDN)
[   29.485028] systemd[1]: Detected virtualization oracle.
[   29.503560] systemd[1]: Detected architecture x86-64.

Welcome to [1mUbuntu 16.04.7 LTS[0m!

[   29.561038] systemd[1]: Set hostname to <ubuntu>.
[   29.611945] systemd[1]: Initializing machine ID from random generator.
[   29.640548] systemd[1]: Installed transient /etc/machine-id file.
[   30.048803] random: nonblocking pool is initialized
[   30.855985] systemd[1]: Listening on /dev/initctl Compatibility Named Pipe.
[[0;32m  OK  [0m] Listening on /dev/initctl Compatibility Named Pipe.
[   30.893148] systemd[1]: Reached target Encrypted Volumes.
[[0;32m  OK  [0m] Reached target Encrypted Volumes.
[   30.928263] systemd[1]: Listening on fsck to fsckd communication Socket.
[[0;32m  OK  [0m] Listening on fsck to fsckd communication Socket.
[   30.968141] systemd[1]: Listening on Syslog Socket.
[[0;32m  OK  [0m] Listening on Syslog Socket.
[   31.000759] systemd[1]: Started Trigger resolvconf update for networkd DNS.
[[0;32m  OK  [0m] Started Trigger resolvconf update for networkd DNS.
[   31.038251] systemd[1]: Reached target Swap.
[[0;32m  OK  [0m] Reached target Swap.
[   31.059289] systemd[1]: Reached target System Time Synchronized.
[[0;32m  OK  [0m] Reached target System Time Synchronized.
[   31.089697] systemd[1]: Created slice User and Session Slice.
[[0;32m  OK  [0m] Created slice User and Session Slice.
[   31.119223] systemd[1]: Listening on Journal Audit Socket.
[[0;32m  OK  [0m] Listening on Journal Audit Socket.
[   31.148898] systemd[1]: Reached target User and Group Name Lookups.
[[0;32m  OK  [0m] Reached target User and Group Name Lookups.
[   31.190519] systemd[1]: Listening on Device-mapper event daemon FIFOs.
[[0;32m  OK  [0m] Listening on Device-mapper event daemon FIFOs.
[   31.233999] systemd[1]: Listening on LVM2 metadata daemon socket.
[[0;32m  OK  [0m] Listening on LVM2 metadata daemon socket.
[   31.271748] systemd[1]: Listening on Journal Socket (/dev/log).
[[0;32m  OK  [0m] Listening on Journal Socket (/dev/log).
[   31.306379] systemd[1]: Listening on udev Control Socket.
[[0;32m  OK  [0m] Listening on udev Control Socket.
[   31.342334] systemd[1]: Listening on udev Kernel Socket.
[[0;32m  OK  [0m] Listening on udev Kernel Socket.
[   31.365473] systemd[1]: Started Forward Password Requests to Wall Directory Watch.
[[0;32m  OK  [0m] Started Forward Password Requests to Wall Directory Watch.
[   31.409428] systemd[1]: Listening on Journal Socket.
[[0;32m  OK  [0m] Listening on Journal Socket.
[   31.434279] systemd[1]: Created slice System Slice.
[[0;32m  OK  [0m] Created slice System Slice.
[   31.473306] systemd[1]: Starting Monitoring of LVM2 mirrors, snapshots etc. using dmeventd or progress polling...
         Starting Monitoring of LVM2 mirrors... dmeventd or progress polling...
[   31.570471] systemd[1]: Starting Uncomplicated firewall...
         Starting Uncomplicated firewall...
[   31.613756] systemd[1]: Starting Set console keymap...
         Starting Set console keymap...
[   31.682746] systemd[1]: Starting File System Check on Root Device...
         Starting File System Check on Root Device...
[   31.759193] systemd[1]: Starting Nameserver information manager...
         Starting Nameserver information manager...
[   31.822729] systemd[1]: Reached target Slices.
[[0;32m  OK  [0m] Reached target Slices.
[   31.901402] systemd[1]: Starting Load Kernel Modules...
         Starting Load Kernel Modules...
[   31.958616] systemd[1]: Starting Create list of required static device nodes for the current kernel...
[   32.005102] Loading iSCSI transport class v2.0-870.
         Starting Create list of required st... nodes for the current kernel...
[   32.056549] systemd[1]: Created slice system-serial\x2dgetty.slice.
[[0;32m  OK  [0m] [   32.097666] iscsi: registered transport (tcp)
Created slice system-serial\x2dgetty.slice.
[   32.137146] systemd[1]: Mounting Debug File System...
         Mounting Debug File System...
[   32.209447] systemd[1]: Starting Journal Service...
         Starting Journal Service...
[   32.263045] systemd[1]: Mounting Huge Pages File System...
         Mounting Huge Pages File System...
[   32.328261] systemd[1]: Listening on LVM2 poll daemon socket.
[[0;32m  OK  [0m] Listening on LVM2 poll daemon socket.
[   32.361095] systemd[1]: Set up automount Arbitrary Executable File Formats File System Automount Point.
[[0;32m  OK  [0m] Set up automount Arbitrary Executab...ats File System Automount Point.
[   32.457772] systemd[1]: Mounting POSIX Message Queue File System...
         Mounting POSIX Message Queue File System...
[   32.555592] systemd[1]: Mounted Huge Pages File System.
[[0;32m  OK  [0m] Mounted Huge Pages File System.
[   32.600906] systemd[1]: Mounted POSIX Message Queue File System.
[   32.629498] iscsi: registered transport (iser)
[[0;32m  OK  [0m] Mounted POSIX Message Queue File System.
[   32.655520] systemd[1]: Mounted Debug File System.
[[0;32m  OK  [0m] Mounted Debug File System.
[   32.682610] systemd[1]: Started Journal Service.
[[0;32m  OK  [0m] Started Journal Service.
[[0;32m  OK  [0m] Started Uncomplicated firewall.
[[0;32m  OK  [0m] Started Set console keymap.
[[0;32m  OK  [0m] Started File System Check on Root Device.
[[0;32m  OK  [0m] Started Load Kernel Modules.
[[0;32m  OK  [0m] Started Create list of required sta...ce nodes for the current kernel.
[[0;32m  OK  [0m] Started Nameserver information manager.
[[0;32m  OK  [0m] Started File System Check Daemon to report status.
[[0;32m  OK  [0m] Started LVM2 metadata daemon.
         Starting Create Static Device Nodes in /dev...
         Mounting FUSE Control File System...
         Starting Apply Kernel Variables...
         Starting Remount Root and Kernel File Systems...
[[0;32m  OK  [0m] Mounted FUSE Control File System.
[   33.102808] EXT4-fs (sda1): re-mounted. Opts: (null)
[[0;32m  OK  [0m] Started Apply Kernel Variables.
[[0;32m  OK  [0m] Started Remount Root and Kernel File Systems.
         Starting udev Coldplug all Devices...
         Starting Flush Journal to Persistent Storage...
         Starting Load/Save Random Seed...
[[0;32m  OK  [0m] Started Monitoring of LVM2 mirrors,...ng dmeventd or progress polling.
[[0;32m  OK  [0m] Started Create Static Device Nodes in /dev.
[[0;32m  OK  [0m] Started Load/Save Random Seed.
[[0;32m  OK  [0m] Started Flush Journal to Persistent Storage.
         Starting udev Kernel Device Manager...
[[0;32m  OK  [0m] Reached target Local File Systems (Pre).
[[0;32m  OK  [0m] Reached target Local File Systems.
         Starting Initial cloud-init job (pre-networking)...
         Starting Set console font and keymap...
         Starting LSB: AppArmor initialization...
         Starting Create Volatile Files and Directories...
         Starting Tell Plymouth To Write Out Runtime Data...
         Starting Commit a transient machine-id on disk...
[[0;32m  OK  [0m] Started udev Coldplug all Devices.
[[0;32m  OK  [0m] Started Tell Plymouth To Write Out Runtime Data.
[[0;32m  OK  [0m] Started Commit a transient machine-id on disk.
[[0;32m  OK  [0m] Started Create Volatile Files and Directories.
[[0;32m  OK  [0m] Started udev Kernel Device Manager.
[[0;32m  OK  [0m] Started Dispatch Password Requests to Console Directory Watch.
         Starting Update UTMP about System Boot/Shutdown...
[[0;32m  OK  [0m] Started Update UTMP about System Boot/Shutdown.
[[0;32m  OK  [0m] Found device /dev/ttyS0.
[[0;32m  OK  [0m] Listening on Load/Save RF Kill Switch Status /dev/rfkill Watch.
[[0;32m  OK  [0m] Started LSB: AppArmor initialization.
         Starting Load AppArmor profiles managed internally by snapd...
[[0;32m  OK  [0m] Started Load AppArmor profiles managed internally by snapd.
[   36.247989] cloud-init[469]: Cloud-init v. 21.1-19-gbad84ad4-0ubuntu1~16.04.2 running 'init-local' at Thu, 25 Nov 2021 05:32:22 +0000. Up 34.49 seconds.
[[0;32m  OK  [0m] Started Initial cloud-init job (pre-networking).
[[0;32m  OK  [0m] Reached target Network (Pre).
         Starting Raise network interfaces...
[[0;32m  OK  [0m] Started Set console font and keymap.
[[0;32m  OK  [0m] Created slice system-getty.slice.
[[0;32m  OK  [0m] Started Raise network interfaces.
[[0;32m  OK  [0m] Reached target Network.
         Starting Initial cloud-init job (metadata service crawler)...
[   43.107914] cloud-init[951]: Cloud-init v. 21.1-19-gbad84ad4-0ubuntu1~16.04.2 running 'init' at Thu, 25 Nov 2021 05:32:29 +0000. Up 41.14 seconds.
[   43.125474] cloud-init[951]: ci-info: ++++++++++++++++++++++++++++++++++++++Net device info+++++++++++++++++++++++++++++++++++++++
[   43.143107] cloud-init[951]: ci-info: +--------+-------+----------------------------+---------------+--------+-------------------+
[   43.163452] cloud-init[951]: ci-info: | Device |   Up  |          Address           |      Mask     | Scope  |     Hw-Address    |
[   43.185479] cloud-init[951]: ci-info: +--------+-------+----------------------------+---------------+--------+-------------------+
[   43.207103] cloud-init[951]: ci-info: | enp0s3 |  True |         10.0.2.15          | 255.255.255.0 | global | 02:be:82:6b:cc:1d |
[   43.227397] cloud-init[951]: ci-info: | enp0s3 |  True | fe80::be:82ff:fe6b:cc1d/64 |       .       |  link  | 02:be:82:6b:cc:1d |
[   43.247727] cloud-init[951]: ci-info: | enp0s8 | False |             .              |       .       |   .    | 08:00:27:e0:3e:59 |
[   43.268453] cloud-init[951]: ci-info: |   lo   |  True |         127.0.0.1          |   255.0.0.0   |  host  |         .         |
[   43.285338] cloud-init[951]: ci-info: |   lo   |  True |          ::1/128           |       .       |  host  |         .         |
[   43.304632] cloud-init[951]: ci-info: +--------+-------+----------------------------+---------------+--------+-------------------+
[   43.325647] cloud-init[951]: ci-info: +++++++++++++++++++++++++++Route IPv4 info++++++++++++++++++++++++++++
[   43.344688] cloud-init[951]: ci-info: +-------+-------------+----------+---------------+-----------+-------+
[   43.367615] cloud-init[951]: ci-info: | Route | Destination | Gateway  |    Genmask    | Interface | Flags |
[   43.390484] cloud-init[951]: ci-info: +-------+-------------+----------+---------------+-----------+-------+
[   43.408660] cloud-init[951]: ci-info: |   0   |   0.0.0.0   | 10.0.2.2 |    0.0.0.0    |   enp0s3  |   UG  |
[   43.429504] cloud-init[951]: ci-info: |   1   |   10.0.2.0  | 0.0.0.0  | 255.255.255.0 |   enp0s3  |   U   |
[   43.447089] cloud-init[951]: ci-info: +-------+-------------+----------+---------------+-----------+-------+
[   43.469631] cloud-init[951]: ci-info: +++++++++++++++++++Route IPv6 info+++++++++++++++++++
[   43.484138] cloud-init[951]: ci-info: +-------+-------------+---------+-----------+-------+
[   43.491835] cloud-init[951]: ci-info: | Route | Destination | Gateway | Interface | Flags |
[   43.505039] cloud-init[951]: ci-info: +-------+-------------+---------+-----------+-------+
[   43.517569] cloud-init[951]: ci-info: |   0   |  fe80::/64  |    ::   |   enp0s3  |   U   |
[   43.531071] cloud-init[951]: ci-info: |   4   |   ff00::/8  |    ::   |   enp0s3  |   U   |
[   43.543816] cloud-init[951]: ci-info: +-------+-------------+---------+-----------+-------+
[   43.561024] cloud-init[951]: Generating public/private rsa key pair.
[   43.575788] cloud-init[951]: Your identification has been saved in /etc/ssh/ssh_host_rsa_key.
[   43.590405] cloud-init[951]: Your public key has been saved in /etc/ssh/ssh_host_rsa_key.pub.
[[0;32m  OK  [0m] Started Initial cloud-init job (metadata service crawler).
[   43.606223] cloud-init[951]: The key fingerprint is:
[   43.640412] cloud-init[951]: SHA256:AzkmHvg5/RWcIAE8Wfkx9tpNiRCv0Uzxzr+NB3ezkEk root@ubuntu-xenial
[   43.657981] cloud-init[951]: The key's randomart image is:
[   43.689805] cloud-init[951]: +---[RSA 2048]----+
[   43.690098] cloud-init[951]: |   ..++oo.o.     |
[   43.690251] cloud-init[951]: |   .+ .o=B o     |
[[0;32m  OK  [0m] Reached target Cloud-config availability.
[[0;32m  OK  [0m] Reached target Network is Online.
[   43.691890] cloud-init[951]: |  . o.=o.=B...   |
[   43.721503] cloud-init[951]: |   o * o.oo+oE   |
         Starting iSCSI initiator daemon (iscsid)...
[[0;32m  OK  [0m] Reached target System Initialization.[   43.733368] cloud-init[951]: |    = . So.o+ o  |
[   43.779228] cloud-init[951]: |     . ..o. .=..o|
[   43.779768] cloud-init[951]: |        .     oo+|
[   43.779867] cloud-init[951]: |               =.|
[   43.779943] cloud-init[951]: |              o..|
[   43.780015] cloud-init[951]: +----[SHA256]-----+
[   43.781768] cloud-init[951]: Generating public/private dsa key pair.
[   43.781855] cloud-init[951]: Your identification has been saved in /etc/ssh/ssh_host_dsa_key.
[   43.783004] cloud-init[951]: Your public key has been saved in /etc/ssh/ssh_host_dsa_key.pub.
[   43.784801] cloud-init[951]: The key fingerprint is:
[   43.785387] cloud-init[951]: SHA256:hLJ0jDEQeq21Qk2YTStER1NAMHC5ZrKUTq2uFvQXMak root@ubuntu-xenial
[   43.786387] cloud-init[951]: The key's randomart image is:
[   43.787240] cloud-init[951]: +---[DSA 1024]----+
[   43.788140] cloud-init[951]: |.oO%@oo          |
[   43.794602] cloud-init[951]: | ++*.@ .         |
[   43.795366] cloud-init[951]: |. *.X * .        |
[   43.797988] cloud-init[951]: |.B+E * .         |
[   43.799203] cloud-init[951]: |=== o . S        |
[   43.802149] cloud-init[951]: |.+ o .           |
[   43.803522] cloud-init[951]: |. . .            |
[   43.806494] cloud-init[951]: | o               |
[   43.807776] cloud-init[951]: |+                |
[   43.811004] cloud-init[951]: +----[SHA256]-----+
[   43.813774] cloud-init[951]: Generating public/private ecdsa key pair.
[   43.814776] cloud-init[951]: Your identification has been saved in /etc/ssh/ssh_host_ecdsa_key.
[   43.815725] cloud-init[951]: Your public key has been saved in /etc/ssh/ssh_host_ecdsa_key.pub.
[   43.818264] cloud-init[951]: The key fingerprint is:
[   43.819374] cloud-init[951]: SHA256:oIjOUuUoNa4NwWWgVpprk8b/nTa1152Yg6ahoW0G9ec root@ubuntu-xenial
[   43.821356] cloud-init[951]: The key's randomart image is:
[   43.822306] cloud-init[951]: +---[ECDSA 256]---+
[   43.823222] cloud-init[951]: | ..+             |
[   43.825621] cloud-init[951]: |o *              |
[   43.826538] cloud-init[951]: |o=o . .          |
[   43.827435] cloud-init[951]: |o=o* . o         |
[   43.829445] cloud-init[951]: |+B= o . S        |
[   43.830360] cloud-init[951]: |=*o  .   o .     |
[   43.831345] cloud-init[951]: |oo..  ....+ o + .|
[   43.833322] cloud-init[951]: |.   . +=+..E = o |
[   43.834719] cloud-init[951]: |     o+=..+   .  |
[   43.837319] cloud-init[951]: +----[SHA256]-----+
[   43.838678] cloud-init[951]: Generating public/private ed25519 key pair.
[   43.841586] cloud-init[951]: Your identification has been saved in /etc/ssh/ssh_host_ed25519_key.
[   43.842752] cloud-init[951]: Your public key has been saved in /etc/ssh/ssh_host_ed25519_key.pub.
[   43.845270] cloud-init[951]: The key fingerprint is:
[   43.845354] cloud-init[951]: SHA256:Fnrm/WR8ZwWFrBfbX0Mos3bY0SChjmvSMAqtOvF4Rv0 root@ubuntu-xenial
[   43.846314] cloud-init[951]: The key's randomart image is:
[   43.847196] cloud-init[951]: +--[ED25519 256]--+
[   43.850216] cloud-init[951]: |           o.o+..|
[   43.851160] cloud-init[951]: |          .o.o++ |
[   43.853563] cloud-init[951]: |        ..  *.++ |
[   43.854079] cloud-init[951]: |  .    .o. +.oooo|
[   43.855090] cloud-init[951]: | . o o..S.. ..  =|
[   43.856084] cloud-init[951]: |. + o +=.. .    o|
[   43.858252] cloud-init[951]: | * . o +. . + . o|
[   43.859128] cloud-init[951]: |+ +   E    + . o |
[   43.860105] cloud-init[951]: |.+          .    |
[   43.862016] cloud-init[951]: +----[SHA256]-----+

[[0;32m  OK  [0m] Started Daily apt download activities.
[[0;32m  OK  [0m] Started Message of the Day.
[[0;32m  OK  [0m] Started Ubuntu Advantage update messaging.
[[0;32m  OK  [0m] Started Daily apt upgrade and clean activities.
         Starting LXD - unix socket.
[[0;32m  OK  [0m] Listening on D-Bus System Message Bus Socket.
[[0;32m  OK  [0m] Listening on ACPID Listen Socket.
[[0;32m  OK  [0m] Started ACPI Events Check.
[[0;32m  OK  [0m] Reached target Paths.
         Starting Socket activation for snappy daemon.
[[0;32m  OK  [0m] Started Daily Cleanup of Temporary Directories.
[[0;32m  OK  [0m] Reached target Timers.
[[0;32m  OK  [0m] Listening on UUID daemon activation socket.
[[0;32m  OK  [0m] Listening on LXD - unix socket.
[[0;32m  OK  [0m] Listening on Socket activation for snappy daemon.
[[0;32m  OK  [0m] Started iSCSI initiator daemon (iscsid).
         Starting Login to default iSCSI targets...
[[0;32m  OK  [0m] Reached target Sockets.
[[0;32m  OK  [0m] Reached target Basic System.
         Starting LSB: MD monitoring daemon...
         Starting Pollinate to seed the pseudo random number generator...
[[0;32m  OK  [0m] Started D-Bus System Message Bus.
[[0;32m  OK  [0m] Started ACPI event daemon.
         Starting System Logging Service...
         Starting Virtualbox guest utils...
         Starting Accounts Service...
         Starting LSB: Record successful boot for GRUB...
         Starting /etc/rc.local Compatibility...
         Starting Login Service...
[[0;32m  OK  [0m] Started Deferred execution scheduler.
         Starting Snap Daemon...
[[0;32m  OK  [0m] Started FUSE filesystem for LXC.
[[0;32m  OK  [0m] Started Regular background program processing daemon.
         Starting LXD - container startup/shutdown...
[[0;32m  OK  [0m] Started System Logging Service.
[[0;32m  OK  [0m] Started /etc/rc.local Compatibility.
[[0;32m  OK  [0m] Started LSB: MD monitoring daemon.
[[0;32m  OK  [0m] Started Login Service.
[[0;32m  OK  [0m] Started LSB: Record successful boot for GRUB.
[[0;32m  OK  [0m] Started Login to default iSCSI targets.
         Starting Authenticate and Authorize Users to Run Privileged Tasks...
[[0;32m  OK  [0m] Reached target Remote File Systems (Pre).
[[0;32m  OK  [0m] Reached target Remote File Systems.
         Starting LSB: automatic crash report generation...
         Starting Permit User Sessions...
         Starting LSB: daemon to balance interrupts for SMP systems...
         Starting LSB: Set the CPU Frequency Scaling governor to "ondemand"...
[[0;32m  OK  [0m] Started Unattended Upgrades Shutdown.
[[0;32m  OK  [0m] Started LXD - container startup/shutdown.
[[0;32m  OK  [0m] Started Permit User Sessions.
[[0;32m  OK  [0m] Started Authenticate and Authorize Users to Run Privileged Tasks.
         Starting Hold until boot process finishes up...
         Starting Terminate Plymouth Boot Screen...
[[0;32m  OK  [0m] Started Hold until boot process finishes up.
[[0;32m  OK  [0m] Started Terminate Plymouth Boot Screen.
[[0;32m  OK  [0m] Started Accounts Service.
[[0;32m  OK  [0m] Started Serial Getty on ttyS0.
[[0;32m  OK  [0m] Started Getty on tty1.
[[0;32m  OK  [0m] Reached target Login Prompts.
         Starting Set console scheme...
[[0;32m  OK  [0m] Started Virtualbox guest utils.
[[0;32m  OK  [0m] Started LSB: automatic crash report generation.
[[0;32m  OK  [0m] Started LSB: daemon to balance interrupts for SMP systems.
[[0;32m  OK  [0m] Started Set console scheme.
[[0;32m  OK  [0m] Started LSB: Set the CPU Frequency Scaling governor to "ondemand".
[[0;32m  OK  [0m] Started Pollinate to seed the pseudo random number generator.
         Starting OpenBSD Secure Shell server...
[[0;32m  OK  [0m] Started OpenBSD Secure Shell server.
[[0;32m  OK  [0m] Created slice User Slice of vagrant.
         Starting User Manager for UID 1000...
[[0;32m  OK  [0m] Started Session 1 of user vagrant.
[[0;32m  OK  [0m] Started User Manager for UID 1000.
[[0;32m  OK  [0m] Started Snap Daemon.
         Starting Wait until snapd is fully seeded...

Ubuntu 16.04.7 LTS ubuntu-xenial ttyS0

ubuntu-xenial login: [   56.562623] cloud-init[1419]: Generating locales (this might take a while)...
[   61.381295] cloud-init[1419]:   en_US.UTF-8... done
[   61.390081] cloud-init[1419]: Generation complete.
[   62.894105] cloud-init[1419]: Cloud-init v. 21.1-19-gbad84ad4-0ubuntu1~16.04.2 running 'modules:config' at Thu, 25 Nov 2021 05:32:44 +0000. Up 55.87 seconds.
ci-info: no authorized SSH keys fingerprints found for user ubuntu.
<14>Nov 25 05:32:53 ec2: 
<14>Nov 25 05:32:53 ec2: #############################################################
<14>Nov 25 05:32:53 ec2: -----BEGIN SSH HOST KEY FINGERPRINTS-----
<14>Nov 25 05:32:53 ec2: 1024 SHA256:hLJ0jDEQeq21Qk2YTStER1NAMHC5ZrKUTq2uFvQXMak root@ubuntu-xenial (DSA)
<14>Nov 25 05:32:53 ec2: 256 SHA256:oIjOUuUoNa4NwWWgVpprk8b/nTa1152Yg6ahoW0G9ec root@ubuntu-xenial (ECDSA)
<14>Nov 25 05:32:53 ec2: 256 SHA256:Fnrm/WR8ZwWFrBfbX0Mos3bY0SChjmvSMAqtOvF4Rv0 root@ubuntu-xenial (ED25519)
<14>Nov 25 05:32:53 ec2: 2048 SHA256:AzkmHvg5/RWcIAE8Wfkx9tpNiRCv0Uzxzr+NB3ezkEk root@ubuntu-xenial (RSA)
<14>Nov 25 05:32:53 ec2: -----END SSH HOST KEY FINGERPRINTS-----
<14>Nov 25 05:32:53 ec2: #############################################################
-----BEGIN SSH HOST KEY KEYS-----
ecdsa-sha2-nistp256 AAAAE2VjZHNhLXNoYTItbmlzdHAyNTYAAAAIbmlzdHAyNTYAAABBBO+V5uu1mP/Jjdfq7LsG7VD9V5I0KZ7AJHoSql79A1zTCiF5xNSJKQz+Uepz3hLeGOJasven8m0cQAACl0uO1DM= root@ubuntu-xenial
ssh-ed25519 AAAAC3NzaC1lZDI1NTE5AAAAIKOEMqpc3fBiUraHYXlcAoJ9cri1YSQ00geTYKoEfRlS root@ubuntu-xenial
ssh-rsa AAAAB3NzaC1yc2EAAAADAQABAAABAQCpgSlvtUQ4ck4H1fw8PWH6miSpj6T1I2HmZvJqtinD58VQPxzyDTwFhScvDnDMVs52lhNayQYTss0S1/GHmIkwrwjhKZA4GBEJPJL7FgEM9/65SJe/6Hj9NPf8mstWNr1L02lvHBkJtS+G5pwrtKPc5+7/LhHhV2OpnPmmMpgnDaALwttCZqieG/D9T9SNbO8aGZSoGtT3n2ZbPuiMx9wNQ1zvX3jcpX8p0UbIJ4ReN8qk0MuRm+JuERwOQa6Xazi2eq6Vu7krNhGNIspKN66cNBM7dJoc3FpoeDvTx8rBwlMQJdgPoJZTWLGPKmSQGoLek72+ZJaWu8Jr20jjKw3F root@ubuntu-xenial
-----END SSH HOST KEY KEYS-----
[   65.149174] cloud-init[1651]: Cloud-init v. 21.1-19-gbad84ad4-0ubuntu1~16.04.2 running 'modules:final' at Thu, 25 Nov 2021 05:32:52 +0000. Up 64.29 seconds.
[   65.215035] cloud-init[1651]: ci-info: no authorized SSH keys fingerprints found for user ubuntu.
[   65.280580] cloud-init[1651]: Cloud-init v. 21.1-19-gbad84ad4-0ubuntu1~16.04.2 finished at Thu, 25 Nov 2021 05:32:53 +0000. Datasource DataSourceNoCloud [seed=/dev/sdb][dsmode=net].  Up 65.02 seconds
         Stopping User Manager for UID 1000...
[[0;32m  OK  [0m] Stopped target Cloud-init target.
         Stopping ACPI event daemon...
[[0;32m  OK  [0m] Stopped Execute cloud user/final scripts.
         Stopping Authenticate and Authorize Users to Run Privileged Tasks...
         Stopping Session 3 of user vagrant.
[[0;32m  OK  [0m] Stopped target Graphical Interface.
[[0;32m  OK  [0m] Stopped Apply the settings specified in cloud-config.
[[0;32m  OK  [0m] Stopped target Cloud-config availability.
[[0;32m  OK  [0m] Closed Load/Save RF Kill Switch Status /dev/rfkill Watch.
[[0;32m  OK  [0m] Stopped target Multi-User System.
         Stopping System Logging Service...
         Stopping LSB: Record successful boot for GRUB...
         Stopping Regular background program processing daemon...
         Stopping LSB: automatic crash report generation...
         Stopping Virtualbox guest utils...
         Stopping OpenBSD Secure Shell server...
         Stopping LSB: Set the CPU Frequency Scaling governor to "ondemand"...
         Stopping A high performance web server and a reverse proxy server...
         Stopping Deferred execution scheduler...
         Stopping LSB: MD monitoring daemon...
[[0;32m  OK  [0m] Stopped Wait until snapd is fully seeded.
         Stopping D-Bus System Message Bus...
         Stopping LSB: daemon to balance interrupts for SMP systems...
         Stopp         Stopping Serial Getty on ttyS0...
[[0;32m  OK  [0m] Stopped target Timers.
[[0;32m  OK  [0m] Stopped Daily Cleanup of Temporary Directories.
[[0;32m  OK  [0m] Stopped Daily apt upgrade and clean activities.
[[0;32m  OK  [0m] Stopped Message of the Day.
[[0;32m  OK  [0m] Stopped Ubuntu Advantage update messaging.
[[0;32m  OK  [0m] Stopped Daily apt download activities.
[[0;32m  OK  [0m] Stopped target System Time Synchronized.
         Stopping Accounts Service...
[[0;32m  OK  [0m] Unmounted /var/lib/lxcfs.
[[0;32m  OK  [0m] Stopped ACPI event daemon.
[[0;32m  OK  [0m] Stopped System Logging Service.
[[0;32m  OK  [0m] Stopped Accounts Service.
[[0;32m  OK  [0m] Stopped Deferred execution scheduler.
[[0;32m  OK  [0m] Stopped Regular background program processing daemon.
[[0;32m  OK  [0m] Stopped Authenticate and Authorize Users to Run Privileged Tasks.
[[0;32m  OK  [0m] Stopped Serial Getty on ttyS0.
[[0;32m  OK  [0m] Stopped Getty on tty1.
[[0;32m  OK  [0m] Stopped OpenBSD Secure Shell server.
[[0;32m  OK  [0m] Stopped User Manager for UID 1000.
[[0;32m  OK  [0m] Stopped Session 3 of user vagrant.
[[0;32m  OK  [0m] Stopped A high performance web server and a reverse proxy server.
[[0;32m  OK  [0m] Stopped D-Bus System Message Bus.
[[0;32m  OK  [0m] Stopped FUSE filesystem for LXC.
[[0;32m  OK  [0m] Stopped LXD - container startup/shutdown.
[[0;32m  OK  [0m] Stopped LSB: daemon to balance interrupts for SMP systems.
[[0;32m  OK  [0m] Stopped LSB: Set the CPU Frequency Scaling governor to "ondemand".
[[0;32m  OK  [0m] Stopped LSB: Record successful boot for GRUB.
[[0;32m  OK  [0m] Stopped Virtualbox guest utils.
[[0;32m  OK  [0m] Stopped LSB: MD monitoring daemon.
[[0;32m  OK  [0m] Removed slice User Slice of vagrant.
         Stopping Login Service...
[[0;32m  OK  [0m] Removed slice system-getty.slice.
[[0;32m  OK  [0m] Stopped /etc/rc.local Compatibility.
         Stopping Permit User Sessions...
[[0;32m  OK  [0m] Removed slice system-serial\x2dgetty.slice.
[[0;32m  OK  [0m] Stopped Login Service.
[[0;32m  OK  [0m] Stopped LSB: automatic crash report generation.
[[0;32m  OK  [0m] Stopped Permit User Sessions.
[[0;32m  OK  [0m] Stopped target Remote File Systems.
         Unmounting /vagrant...
[[0;32m  OK  [0m] Stopped target User and Group Name Lookups.
[[0;32m  OK  [0m] Stopped target Basic System.
[[0;32m  OK  [0m] Stopped target Sockets.
[[0;32m  OK  [0m] Closed UUID daemon activation socket.
[[0;32m  OK  [0m] Closed LXD - unix socket.
[[0;32m  OK  [0m] Closed Socket activation for snappy daemon.
[[0;32m  OK  [0m] Closed Syslog Socket.
[[0;32m  OK  [0m] Closed ACPID Listen Socket.
[[0;32m  OK  [0m] Stopped target Slices.
[[0;32m  OK  [0m] Stopped target Paths.
[[0;32m  OK  [0m] Stopped Forward Password Requests to Wall Directory Watch.
[[0;32m  OK  [0m] Stopped ACPI Events Check.
[[0;32m  OK  [0m] Stopped Dispatch Password Requests to Console Directory Watch.
[[0;32m  OK  [0m] Removed slice User and Session Slice.
[[0;32m  OK  [0m] Closed D-Bus System Message Bus Socket.
[[0;32m  OK  [0m] Stopped target System Initialization.
[[0;32m  OK  [0m] Stopped Commit a transient machine-id on disk.
[[0;32m  OK  [0m] Stopped target Encrypted Volumes.
[[0;32m  OK  [0m] Stopped target Swap.
         Stopping Load/Save Random Seed...
         Stopping Update UTMP about System Boot/Shutdown...
[[0;32m  OK  [0m] Unmounted /vagrant.
[[0;32m  OK  [0m] Stopped Load/Save Random Seed.
[[0;32m  OK  [0m] Stopped target Remote File Systems (Pre).
         Stopping Login to default iSCSI targets...
[[0;32m  OK  [0m] Stopped Update UTMP about System Boot/Shutdown.
[[0;32m  OK  [0m] Stopped Create Volatile Files and Directories.
[[0;32m  OK  [0m] Stopped Login to default iSCSI targets.
         Stopping iSCSI initiator daemon (iscsid)...
[[0;32m  OK  [0m] Stopped iSCSI initiator daemon (iscsid).
[[0;32m  OK  [0m] Stopped target Network is Online.
[[0;32m  OK  [0m] Stopped Initial cloud-init job (metadata service crawler).
[[0;32m  OK  [0m] Stopped target Network.
         Stopping Raise network interfaces...
[[0;32m  OK  [0m] Stopped Raise network interfaces.
[[0;32m  OK  [0m] Stopped target Network (Pre).
[[0;32m  OK  [0m] Stopped Initial cloud-init job (pre-networking).
[[0;32m  OK  [0m] Stopped Apply Kernel Variables.
[[0;32m  OK  [0m] Stopped Load Kernel Modules.
[[0;32m  OK  [0m] Stopped target Local File Systems.
         Unmounting /run/user/1000...
[[0;32m  OK  [0m] Unmounted /run/user/1000.
[[0;32m  OK  [0m] Reached target Unmount All Filesystems.
[[0;32m  OK  [0m] Stopped target Local File Systems (Pre).
         Stopping Monitoring of LVM2 mirrors... dmeventd or progress polling...
[[0;32m  OK  [0m] Stopped Create Static Device Nodes in /dev.
[[0;32m  OK  [0m] Stopped Remount Root and Kernel File Systems.
[[0;32m  OK  [0m] Reached target Shutdown.
[  687.383207] reboot: Power down
