[    0.000000] Initializing cgroup subsys cpuset
[    0.000000] Initializing cgroup subsys cpu
[    0.000000] Initializing cgroup subsys cpuacct
[    0.000000] Linux version 4.4.0-210-generic (buildd@lgw01-amd64-009) (gcc version 5.4.0 20160609 (Ubuntu 5.4.0-6ubuntu1~16.04.12) ) #242-Ubuntu SMP Fri Apr 16 09:57:56 UTC 2021 (Ubuntu 4.4.0-210.242-generic 4.4.262)
[    0.000000] Command line: BOOT_IMAGE=/boot/vmlinuz-4.4.0-210-generic root=LABEL=cloudimg-rootfs ro console=tty1 console=ttyS0
[    0.000000] KERNEL supported cpus:
[    0.000000]   Intel GenuineIntel
[    0.000000]   AMD AuthenticAMD
[    0.000000]   Centaur CentaurHauls
[    0.000000] x86/fpu: Legacy x87 FPU detected.
[    0.000000] e820: BIOS-provided physical RAM map:
[    0.000000] BIOS-e820: [mem 0x0000000000000000-0x000000000009fbff] usable
[    0.000000] BIOS-e820: [mem 0x000000000009fc00-0x000000000009ffff] reserved
[    0.000000] BIOS-e820: [mem 0x00000000000f0000-0x00000000000fffff] reserved
[    0.000000] BIOS-e820: [mem 0x0000000000100000-0x000000003ffeffff] usable
[    0.000000] BIOS-e820: [mem 0x000000003fff0000-0x000000003fffffff] ACPI data
[    0.000000] BIOS-e820: [mem 0x00000000fec00000-0x00000000fec00fff] reserved
[    0.000000] BIOS-e820: [mem 0x00000000fee00000-0x00000000fee00fff] reserved
[    0.000000] BIOS-e820: [mem 0x00000000fffc0000-0x00000000ffffffff] reserved
[    0.000000] NX (Execute Disable) protection: active
[    0.000000] SMBIOS 2.5 present.
[    0.000000] Hypervisor detected: KVM
[    0.000000] Kernel/User page tables isolation: disabled
[    0.000000] e820: last_pfn = 0x3fff0 max_arch_pfn = 0x400000000
[    0.000000] MTRR: Disabled
[    0.000000] x86/PAT: MTRRs disabled, skipping PAT initialization too.
[    0.000000] CPU MTRRs all blank - virtualized system.
[    0.000000] x86/PAT: Configuration [0-7]: WB  WT  UC- UC  WB  WT  UC- UC  
[    0.000000] found SMP MP-table at [mem 0x0009fff0-0x0009ffff] mapped at [ffff88000009fff0]
[    0.000000] Scanning 1 areas for low memory corruption
[    0.000000] RAMDISK: [mem 0x362dc000-0x37165fff]
[    0.000000] ACPI: Early table checksum verification disabled
[    0.000000] ACPI: RSDP 0x00000000000E0000 000024 (v02 VBOX  )
[    0.000000] ACPI: XSDT 0x000000003FFF0030 00003C (v01 VBOX   VBOXXSDT 00000001 ASL  00000061)
[    0.000000] ACPI: FACP 0x000000003FFF00F0 0000F4 (v04 VBOX   VBOXFACP 00000001 ASL  00000061)
[    0.000000] ACPI: DSDT 0x000000003FFF0470 002325 (v02 VBOX   VBOXBIOS 00000002 INTL 20100528)
[    0.000000] ACPI: FACS 0x000000003FFF0200 000040
[    0.000000] ACPI: FACS 0x000000003FFF0200 000040
[    0.000000] ACPI: APIC 0x000000003FFF0240 00005C (v02 VBOX   VBOXAPIC 00000001 ASL  00000061)
[    0.000000] ACPI: SSDT 0x000000003FFF02A0 0001CC (v01 VBOX   VBOXCPUT 00000002 INTL 20100528)
[    0.000000] No NUMA configuration found
[    0.000000] Faking a node at [mem 0x0000000000000000-0x000000003ffeffff]
[    0.000000] NODE_DATA(0) allocated [mem 0x3ffeb000-0x3ffeffff]
[    0.000000] kvm-clock: Using msrs 4b564d01 and 4b564d00
[    0.000000] kvm-clock: cpu 0, msr 0:3ffe3001, primary cpu clock
[    0.000000] kvm-clock: using sched offset of 7475730714 cycles
[    0.000000] clocksource: kvm-clock: mask: 0xffffffffffffffff max_cycles: 0x1cd42e4dffb, max_idle_ns: 881590591483 ns
[    0.000000] Zone ranges:
[    0.000000]   DMA      [mem 0x0000000000001000-0x0000000000ffffff]
[    0.000000]   DMA32    [mem 0x0000000001000000-0x000000003ffeffff]
[    0.000000]   Normal   empty
[    0.000000]   Device   empty
[    0.000000] Movable zone start for each node
[    0.000000] Early memory node ranges
[    0.000000]   node   0: [mem 0x0000000000001000-0x000000000009efff]
[    0.000000]   node   0: [mem 0x0000000000100000-0x000000003ffeffff]
[    0.000000] Initmem setup node 0 [mem 0x0000000000001000-0x000000003ffeffff]
[    0.000000] ACPI: PM-Timer IO Port: 0x4008
[    0.000000] IOAPIC[0]: apic_id 2, version 32, address 0xfec00000, GSI 0-23
[    0.000000] ACPI: INT_SRC_OVR (bus 0 bus_irq 0 global_irq 2 dfl dfl)
[    0.000000] ACPI: INT_SRC_OVR (bus 0 bus_irq 9 global_irq 9 low level)
[    0.000000] Using ACPI (MADT) for SMP configuration information
[    0.000000] smpboot: Allowing 2 CPUs, 0 hotplug CPUs
[    0.000000] PM: Registered nosave memory: [mem 0x00000000-0x00000fff]
[    0.000000] PM: Registered nosave memory: [mem 0x0009f000-0x0009ffff]
[    0.000000] PM: Registered nosave memory: [mem 0x000a0000-0x000effff]
[    0.000000] PM: Registered nosave memory: [mem 0x000f0000-0x000fffff]
[    0.000000] e820: [mem 0x40000000-0xfebfffff] available for PCI devices
[    0.000000] Booting paravirtualized kernel on KVM
[    0.000000] clocksource: refined-jiffies: mask: 0xffffffff max_cycles: 0xffffffff, max_idle_ns: 7645519600211568 ns
[    0.000000] setup_percpu: NR_CPUS:512 nr_cpumask_bits:512 nr_cpu_ids:2 nr_node_ids:1
[    0.000000] PERCPU: Embedded 33 pages/cpu @ffff88003fc00000 s95192 r8192 d31784 u1048576
[    0.000000] Built 1 zonelists in Node order, mobility grouping on.  Total pages: 257912
[    0.000000] Policy zone: DMA32
[    0.000000] Kernel command line: BOOT_IMAGE=/boot/vmlinuz-4.4.0-210-generic root=LABEL=cloudimg-rootfs ro console=tty1 console=ttyS0
[    0.000000] PID hash table entries: 4096 (order: 3, 32768 bytes)
[    0.000000] Memory: 997792K/1048120K available (8644K kernel code, 1332K rwdata, 4044K rodata, 1492K init, 1164K bss, 50328K reserved, 0K cma-reserved)
[    0.000000] SLUB: HWalign=64, Order=0-3, MinObjects=0, CPUs=2, Nodes=1
[    0.000000] Hierarchical RCU implementation.
[    0.000000] 	Build-time adjustment of leaf fanout to 64.
[    0.000000] 	RCU restricting CPUs from NR_CPUS=512 to nr_cpu_ids=2.
[    0.000000] RCU: Adjusting geometry for rcu_fanout_leaf=64, nr_cpu_ids=2
[    0.000000] NR_IRQS:33024 nr_irqs:440 16
[    0.000000] Console: colour VGA+ 80x25
[    0.000000] console [tty1] enabled
[    0.000000] console [ttyS0] enabled
[    0.000000] tsc: Detected 1190.402 MHz processor
[    1.993882] Calibrating delay loop (skipped) preset value.. 2380.80 BogoMIPS (lpj=4761608)
[    2.019057] pid_max: default: 32768 minimum: 301
[    2.039852] ACPI: Core revision 20150930
[    2.064009] ACPI: 2 ACPI AML tables successfully acquired and loaded
[    2.098627] Security Framework initialized
[    2.119523] Yama: becoming mindful.
[    2.144609] AppArmor: AppArmor initialized
[    2.165879] Dentry cache hash table entries: 131072 (order: 8, 1048576 bytes)
[    2.224625] Inode-cache hash table entries: 65536 (order: 7, 524288 bytes)
[    2.262776] Mount-cache hash table entries: 2048 (order: 2, 16384 bytes)
[    2.290493] Mountpoint-cache hash table entries: 2048 (order: 2, 16384 bytes)
[    2.325622] Initializing cgroup subsys io
[    2.347740] Initializing cgroup subsys memory
[    2.373329] Initializing cgroup subsys devices
[    2.392721] Initializing cgroup subsys freezer
[    2.415792] Initializing cgroup subsys net_cls
[    2.432553] Initializing cgroup subsys perf_event
[    2.452821] Initializing cgroup subsys net_prio
[    2.475978] Initializing cgroup subsys hugetlb
[    2.496785] Initializing cgroup subsys pids
[    2.521289] mce: CPU supports 0 MCE banks
[    2.540813] Last level iTLB entries: 4KB 0, 2MB 0, 4MB 0
[    2.566295] Last level dTLB entries: 4KB 0, 2MB 0, 4MB 0, 1GB 0
[    2.601406] Spectre V1 : Mitigation: usercopy/swapgs barriers and __user pointer sanitization
[    2.642873] Spectre V2 : Mitigation: Enhanced IBRS
[    2.665257] Spectre V2 : Spectre v2 / SpectreRSB mitigation: Filling RSB on context switch
[    2.702354] Speculative Store Bypass: Vulnerable
[    2.871178] Freeing SMP alternatives memory: 36K
[    3.158362] ftrace: allocating 32380 entries in 127 pages
[    5.292522] smpboot: APIC(0) Converting physical 0 to logical package 0
[    5.316242] smpboot: Max logical packages: 1
[    5.389790] ..TIMER: vector=0x30 apic1=0 pin1=2 apic2=-1 pin2=-1
[    5.525810] APIC calibration not consistent with PM-Timer: 98ms instead of 100ms
[    5.551606] APIC delta adjusted to PM-Timer: 6248065 (6166376)
[    5.574000] smpboot: CPU0: Intel(R) Core(TM) i5-1035G1 CPU @ 1.00GHz (family: 0x6, model: 0x7e, stepping: 0x5)
[    5.617414] Performance Events: unsupported p6 CPU model 126 no PMU driver, software events only.
[    5.976605] KVM setup paravirtual spinlock
[    6.007042] x86: Booting SMP configuration:
[    6.019463] .... node  #0, CPUs:      #1
[    6.037833] kvm-clock: cpu 1, msr 0:3ffe3041, secondary cpu clock
[    6.057276] mce: CPU supports 0 MCE banks
[    6.068735] x86: Booted up 1 node, 2 CPUs
[    6.082697] smpboot: Total of 2 processors activated (4761.60 BogoMIPS)
[    6.125782] devtmpfs: initialized
[    6.144171] evm: security.selinux
[    6.157258] evm: security.SMACK64
[    6.170531] evm: security.SMACK64EXEC
[    6.184015] evm: security.SMACK64TRANSMUTE
[    6.199772] evm: security.SMACK64MMAP
[    6.213776] evm: security.ima
[    6.224039] evm: security.capability
[    6.238034] clocksource: jiffies: mask: 0xffffffff max_cycles: 0xffffffff, max_idle_ns: 7645041785100000 ns
[    6.267016] futex hash table entries: 512 (order: 3, 32768 bytes)
[    6.286714] pinctrl core: initialized pinctrl subsystem
[    6.304629] RTC time: 11:08:52, date: 11/23/21
[    6.314925] NET: Registered protocol family 16
[    6.334220] cpuidle: using governor ladder
[    6.355461] cpuidle: using governor menu
[    6.362855] PCCT header not found.
[    6.375281] ACPI: bus type PCI registered
[    6.389104] acpiphp: ACPI Hot Plug PCI Controller Driver version: 0.5
[    6.409189] PCI: Using configuration type 1 for base access
[    6.458583] ACPI: Added _OSI(Module Device)
[    6.473853] ACPI: Added _OSI(Processor Device)
[    6.490112] ACPI: Added _OSI(3.0 _SCP Extensions)
[    6.507049] ACPI: Added _OSI(Processor Aggregator Device)
[    6.531623] ACPI: Executed 1 blocks of module-level executable AML code
[    6.570849] ACPI: Interpreter enabled
[    6.587993] ACPI: (supports S0 S5)
[    6.601525] ACPI: Using IOAPIC for interrupt routing
[    6.622768] PCI: Using host bridge windows from ACPI; if necessary, use "pci=nocrs" and report a bug
[    6.685956] ACPI: PCI Root Bridge [PCI0] (domain 0000 [bus 00-ff])
[    6.707160] acpi PNP0A03:00: _OSC: OS supports [ASPM ClockPM Segments MSI]
[    6.729757] acpi PNP0A03:00: _OSC: not requesting OS control; OS requires [ExtendedConfig ASPM ClockPM MSI]
[    6.759954] acpi PNP0A03:00: fail to add MMCONFIG information, can't access extended PCI configuration space under this bridge.
[    6.794791] PCI host bridge to bus 0000:00
[    6.808349] pci_bus 0000:00: root bus resource [io  0x0000-0x0cf7 window]
[    6.829684] pci_bus 0000:00: root bus resource [io  0x0d00-0xffff window]
[    6.851170] pci_bus 0000:00: root bus resource [mem 0x000a0000-0x000bffff window]
[    6.872986] pci_bus 0000:00: root bus resource [mem 0x40000000-0xfdffffff window]
[    6.898037] pci_bus 0000:00: root bus resource [bus 00-ff]
[    6.933488] pci 0000:00:01.1: legacy IDE quirk: reg 0x10: [io  0x01f0-0x01f7]
[    6.955742] pci 0000:00:01.1: legacy IDE quirk: reg 0x14: [io  0x03f6]
[    6.976976] pci 0000:00:01.1: legacy IDE quirk: reg 0x18: [io  0x0170-0x0177]
[    6.998509] pci 0000:00:01.1: legacy IDE quirk: reg 0x1c: [io  0x0376]
[    7.546492] pci 0000:00:07.0: quirk: [io  0x4000-0x403f] claimed by PIIX4 ACPI
[    7.602855] pci 0000:00:07.0: quirk: [io  0x4100-0x410f] claimed by PIIX4 SMB
[    7.685893] ACPI: PCI Interrupt Link [LNKA] (IRQs 5 9 10 *11)
[    7.727598] ACPI: PCI Interrupt Link [LNKB] (IRQs 5 9 *10 11)
[    7.769790] ACPI: PCI Interrupt Link [LNKC] (IRQs 5 *9 10 11)
[    7.882073] ACPI: PCI Interrupt Link [LNKD] (IRQs 5 9 10 *11)
[    7.920435] ACPI: Enabled 2 GPEs in block 00 to 07
[    7.945197] vgaarb: setting as boot device: PCI:0000:00:02.0
[    7.968355] vgaarb: device added: PCI:0000:00:02.0,decodes=io+mem,owns=io+mem,locks=none
[    8.000396] vgaarb: loaded
[    8.012210] vgaarb: bridge control possible 0000:00:02.0
[    8.032529] SCSI subsystem initialized
[    8.048914] ACPI: bus type USB registered
[    8.063964] usbcore: registered new interface driver usbfs
[    8.083393] usbcore: registered new interface driver hub
[    8.101919] usbcore: registered new device driver usb
[    8.124958] PCI: Using ACPI for IRQ routing
[    8.145334] NetLabel: Initializing
[    8.162045] NetLabel:  domain hash size = 128
[    8.179401] NetLabel:  protocols = UNLABELED CIPSOv4
[    8.198898] NetLabel:  unlabeled traffic allowed by default
[    8.219902] amd_nb: Cannot enumerate AMD northbridges
[    8.235805] clocksource: Switched to clocksource kvm-clock
[    8.395284] AppArmor: AppArmor Filesystem Enabled
[    8.414233] pnp: PnP ACPI init
[    8.433227] pnp: PnP ACPI: found 3 devices
[    8.466456] clocksource: acpi_pm: mask: 0xffffff max_cycles: 0xffffff, max_idle_ns: 2085701024 ns
[    8.499020] NET: Registered protocol family 2
[    8.519335] TCP established hash table entries: 8192 (order: 4, 65536 bytes)
[    8.549466] TCP bind hash table entries: 8192 (order: 5, 131072 bytes)
[    8.579135] TCP: Hash tables configured (established 8192 bind 8192)
[    8.605349] UDP hash table entries: 512 (order: 2, 16384 bytes)
[    8.622462] UDP-Lite hash table entries: 512 (order: 2, 16384 bytes)
[    8.642852] NET: Registered protocol family 1
[    8.657244] pci 0000:00:00.0: Limiting direct PCI/PCI transfers
[    8.676793] pci 0000:00:01.0: Activating ISA DMA hang workarounds
[    8.698321] Unpacking initramfs...
[   10.445142] Freeing initrd memory: 14888K
[   10.461066] clocksource: tsc: mask: 0xffffffffffffffff max_cycles: 0x1128b0cf317, max_idle_ns: 440795227453 ns
[   10.493671] platform rtc_cmos: registered platform RTC device (no PNP device found)
[   10.520816] Scanning for low memory corruption every 60 seconds
[   10.544925] audit: initializing netlink subsys (disabled)
[   10.565683] audit: type=2000 audit(1637665741.291:1): initialized
[   10.590403] Initialise system trusted keyring
[   10.611012] HugeTLB registered 2 MB page size, pre-allocated 0 pages
[   10.652662] zbud: loaded
[   10.666565] VFS: Disk quotas dquot_6.6.0
[   10.682068] VFS: Dquot-cache hash table entries: 512 (order 0, 4096 bytes)
[   10.705623] squashfs: version 4.0 (2009/01/31) Phillip Lougher
[   10.731357] fuse init (API version 7.23)
[   10.747501] Key type big_key registered
[   10.762288] Allocating IMA MOK and blacklist keyrings.
[   10.807780] Key type asymmetric registered
[   10.822947] Asymmetric key parser 'x509' registered
[   10.842296] Block layer SCSI generic (bsg) driver version 0.4 loaded (major 249)
[   10.869959] io scheduler noop registered
[   10.884220] io scheduler deadline registered (default)
[   10.896682] io scheduler cfq registered
[   10.912594] pci_hotplug: PCI Hot Plug PCI Core version: 0.5
[   10.932442] pciehp: PCI Express Hot Plug Controller Driver version: 0.4
[   10.953686] ACPI: AC Adapter [AC] (off-line)
[   10.969919] input: Power Button as /devices/LNXSYSTM:00/LNXPWRBN:00/input/input0
[   10.996022] ACPI: Power Button [PWRF]
[   11.013009] input: Sleep Button as /devices/LNXSYSTM:00/LNXSLPBN:00/input/input1
[   11.040734] ACPI: Sleep Button [SLPF]
[   11.057283] GHES: HEST is not enabled!
[   11.062150] ACPI: Battery Slot [BAT0] (battery present)
[   11.091264] Serial: 8250/16550 driver, 32 ports, IRQ sharing enabled
[   11.196867] 00:02: ttyS0 at I/O 0x3f8 (irq = 4, base_baud = 115200) is a 16550A
[   11.232808] Linux agpgart interface v0.103
[   11.289976] loop: module loaded
[   11.321244] scsi host0: ata_piix
[   11.338432] scsi host1: ata_piix
[   11.353450] ata1: PATA max UDMA/33 cmd 0x1f0 ctl 0x3f6 bmdma 0xd000 irq 14
[   11.373459] ata2: PATA max UDMA/33 cmd 0x170 ctl 0x376 bmdma 0xd008 irq 15
[   11.400524] libphy: Fixed MDIO Bus: probed
[   11.416565] tun: Universal TUN/TAP device driver, 1.6
[   11.433783] tun: (C) 1999-2004 Max Krasnyansky <maxk@qualcomm.com>
[   11.457853] PPP generic driver version 2.4.2
[   11.475573] ehci_hcd: USB 2.0 'Enhanced' Host Controller (EHCI) Driver
[   11.501455] ehci-pci: EHCI PCI platform driver
[   11.521309] ehci-platform: EHCI generic platform driver
[   11.541422] ohci_hcd: USB 1.1 'Open' Host Controller (OHCI) Driver
[   11.563645] ohci-pci: OHCI PCI platform driver
[   11.588825] ohci-platform: OHCI generic platform driver
[   11.613438] uhci_hcd: USB Universal Host Controller Interface driver
[   11.643152] i8042: PNP: PS/2 Controller [PNP0303:PS2K,PNP0f03:PS2M] at 0x60,0x64 irq 1,12
[   11.735131] serio: i8042 KBD port at 0x60,0x64 irq 1
[   11.752446] serio: i8042 AUX port at 0x60,0x64 irq 12
[   11.771240] mousedev: PS/2 mouse device common for all mice
[   11.798449] input: AT Translated Set 2 keyboard as /devices/platform/i8042/serio0/input/input2
[   11.831558] rtc_cmos rtc_cmos: rtc core: registered rtc_cmos as rtc0
[   11.853164] rtc_cmos rtc_cmos: alarms up to one day, 114 bytes nvram
[   11.873915] i2c /dev entries driver
[   11.887374] device-mapper: uevent: version 1.0.3
[   11.903470] device-mapper: ioctl: 4.34.0-ioctl (2015-10-28) initialised: dm-devel@redhat.com
[   11.930870] ledtrig-cpu: registered to indicate activity on CPUs
[   11.962180] NET: Registered protocol family 10
[   11.983350] NET: Registered protocol family 17
[   12.001627] Key type dns_resolver registered
[   12.026151] registered taskstats version 1
[   12.043245] Loading compiled-in X.509 certificates
[   12.065848] Loaded X.509 cert 'Build time autogenerated kernel key: cf00e047681d67edb2720680708b7d9498083038'
[   12.099700] zswap: loaded using pool lzo/zbud
[   12.130158] Key type trusted registered
[   12.169167] Key type encrypted registered
[   12.182270] AppArmor: AppArmor sha1 policy hashing enabled
[   12.200352] ima: No TPM chip found, activating TPM-bypass!
[   12.220648] ima: Allocated hash algorithm: sha1
[   12.236277] evm: HMAC attrs: 0x1
[   12.252798]   Magic number: 13:988:125
[   12.267292] acpi device:00: hash matches
[   12.284620] rtc_cmos rtc_cmos: setting system clock to 2021-11-23 11:08:58 UTC (1637665738)
[   12.317420] BIOS EDD facility v0.16 2004-Jun-25, 0 devices found
[   12.340812] EDD information not available.
[   12.366581] Freeing unused kernel memory: 1492K
[   12.384083] Write protecting the kernel read-only data: 14336k
[   12.408657] Freeing unused kernel memory: 1584K
[   12.423119] Freeing unused kernel memory: 52K
Loading, please wait...
starting version 229
[   12.540600] random: systemd-udevd: uninitialized urandom read (16 bytes read, 6 bits of entropy available)
[   12.545324] random: udevadm: uninitialized urandom read (16 bytes read, 6 bits of entropy available)
[   12.545408] random: udevadm: uninitialized urandom read (16 bytes read, 6 bits of entropy available)
[   12.616949] random: udevadm: uninitialized urandom read (16 bytes read, 6 bits of entropy available)
[   12.617105] random: udevadm: uninitialized urandom read (16 bytes read, 6 bits of entropy available)
[   12.617921] random: udevadm: uninitialized urandom read (16 bytes read, 6 bits of entropy available)
[   12.618111] random: udevadm: uninitialized urandom read (16 bytes read, 6 bits of entropy available)
[   12.618294] random: udevadm: uninitialized urandom read (16 bytes read, 6 bits of entropy available)
[   12.618649] random: udevadm: uninitialized urandom read (16 bytes read, 6 bits of entropy available)
[   12.620786] random: udevadm: uninitialized urandom read (16 bytes read, 6 bits of entropy available)
[   13.073528] Fusion MPT base driver 3.04.20
[   13.092509] Copyright (c) 1999-2008 LSI Corporation
[   13.159590] e1000: Intel(R) PRO/1000 Network Driver - version 7.3.21-k8-NAPI
[   13.184890] e1000: Copyright (c) 1999-2006 Intel Corporation.
[   13.263711] Fusion MPT SPI Host driver 3.04.20
[   14.821911] input: ImExPS/2 Generic Explorer Mouse as /devices/platform/i8042/serio1/input/input4
[   14.859165] e1000 0000:00:03.0 eth0: (PCI:33MHz:32-bit) 02:be:82:6b:cc:1d
[   14.880368] e1000 0000:00:03.0 eth0: Intel(R) PRO/1000 Network Connection
[   16.668721] e1000 0000:00:08.0 eth1: (PCI:33MHz:32-bit) 08:00:27:ee:3d:f4
[   16.691591] e1000 0000:00:08.0 eth1: Intel(R) PRO/1000 Network Connection
[   16.721745] mptbase: ioc0: Initiating bringup
[   16.723191] e1000 0000:00:03.0 enp0s3: renamed from eth0
[   16.761617] e1000 0000:00:08.0 enp0s8: renamed from eth1
[   16.849214] ioc0: LSI53C1030 A0: Capabilities={Initiator}
[   17.600881] scsi host2: ioc0: LSI53C1030 A0, FwRev=00000000h, Ports=1, MaxQ=256, IRQ=20
[   17.776884] scsi 2:0:0:0: Direct-Access     VBOX     HARDDISK         1.0  PQ: 0 ANSI: 5
[   17.807511] scsi target2:0:0: Beginning Domain Validation
[   17.851192] scsi target2:0:0: Domain Validation skipping write tests
[   17.875100] scsi target2:0:0: Ending Domain Validation
[   17.895247] scsi target2:0:0: asynchronous
[   17.919377] scsi 2:0:1:0: Direct-Access     VBOX     HARDDISK         1.0  PQ: 0 ANSI: 5
[   17.941877] scsi target2:0:1: Beginning Domain Validation
[   17.977748] scsi target2:0:1: Domain Validation skipping write tests
[   17.995127] scsi target2:0:1: Ending Domain Validation
[   18.013432] scsi target2:0:1: asynchronous
[   18.106640] sd 2:0:0:0: Attached scsi generic sg0 type 0
[   18.124571] sd 2:0:0:0: [sda] 83886080 512-byte logical blocks: (42.9 GB/40.0 GiB)
[   18.153384] sd 2:0:0:0: [sda] Write Protect is off
[   18.236611] sd 2:0:1:0: [sdb] 20480 512-byte logical blocks: (10.5 MB/10.0 MiB)
[   18.236617] sd 2:0:0:0: [sda] Incomplete mode parameter data
[   18.236621] sd 2:0:0:0: [sda] Assuming drive cache: write through
[   18.236876] sd 2:0:1:0: Attached scsi generic sg1 type 0
[   18.327078] sd 2:0:1:0: [sdb] Write Protect is off
[   18.347256] sd 2:0:1:0: [sdb] Incomplete mode parameter data
[   18.364649] sd 2:0:1:0: [sdb] Assuming drive cache: write through
[   18.368310]  sda: sda1
[   18.396182] sd 2:0:0:0: [sda] Attached SCSI disk
[   18.451906] sd 2:0:1:0: [sdb] Attached SCSI disk
Begin: Loading essential drivers ... [   22.089300] md: linear personality registered for level -1
[   22.125642] md: multipath personality registered for level -4
[   22.162916] md: raid0 personality registered for level 0
[   22.235138] md: raid1 personality registered for level 1
[   22.584527] raid6: sse2x1   gen() 15978 MB/s
[   23.588768] raid6: sse2x1   xor() 39302 MB/s
[   25.588577] raid6: sse2x2   gen() 75890 MB/s
[   27.584858] raid6: sse2x2   xor() 46724 MB/s
[   27.671061] raid6: sse2x4   gen()  4951 MB/s
[   27.757051] raid6: sse2x4   xor()  3290 MB/s
[   27.771523] raid6: using algorithm sse2x2 gen() 75890 MB/s
[   27.793130] raid6: .... xor() 46724 MB/s, rmw enabled
[   27.812602] raid6: using ssse3x2 recovery algorithm
[   27.845517] xor: measuring software checksum speed
[   27.900257]    prefetch64-sse: 10164.000 MB/sec
[   27.956448]    generic_sse:  8414.000 MB/sec
[   27.970181] xor: using function: prefetch64-sse (10164.000 MB/sec)
[   27.997028] async_tx: api initialized (async)
[   28.171771] md: raid6 personality registered for level 6
[   28.192422] md: raid5 personality registered for level 5
[   28.209040] md: raid4 personality registered for level 4
[   28.303378] md: raid10 personality registered for level 10
done.
Begin: Running /scripts/init-premount ... done.
Begin: Mounting root file system ... Begin: Running /scripts/local-top ... done.
Begin: Running /scripts/local-premount ... [   28.609452] Btrfs loaded
Scanning for Btrfs filesystems
done.
Warning: fsck not present, so skipping root file system
[   28.802329] EXT4-fs (sda1): mounted filesystem with ordered data mode. Opts: (null)
done.
Begin: Running /scripts/local-bottom ... done.
Begin: Running /scripts/init-bottom ... done.
[   29.398500] systemd[1]: systemd 229 running in system mode. (+PAM +AUDIT +SELINUX +IMA +APPARMOR +SMACK +SYSVINIT +UTMP +LIBCRYPTSETUP +GCRYPT +GNUTLS +ACL +XZ -LZ4 +SECCOMP +BLKID +ELFUTILS +KMOD -IDN)
[   29.459636] systemd[1]: Detected virtualization oracle.
[   29.479091] systemd[1]: Detected architecture x86-64.

Welcome to [1mUbuntu 16.04.7 LTS[0m!

[   29.531545] systemd[1]: Set hostname to <ubuntu>.
[   29.578794] systemd[1]: Initializing machine ID from random generator.
[   29.602708] systemd[1]: Installed transient /etc/machine-id file.
[   30.241054] random: nonblocking pool is initialized
[   30.814144] systemd[1]: Listening on LVM2 metadata daemon socket.
[[0;32m  OK  [0m] Listening on LVM2 metadata daemon socket.
[   30.846650] systemd[1]: Listening on udev Kernel Socket.
[[0;32m  OK  [0m] Listening on udev Kernel Socket.
[   30.874992] systemd[1]: Created slice System Slice.
[[0;32m  OK  [0m] Created slice System Slice.
[   30.901588] systemd[1]: Started Trigger resolvconf update for networkd DNS.
[[0;32m  OK  [0m] Started Trigger resolvconf update for networkd DNS.
[   30.938080] systemd[1]: Set up automount Arbitrary Executable File Formats File System Automount Point.
[[0;32m  OK  [0m] Set up automount Arbitrary Executab...ats File System Automount Point.
[   30.983880] systemd[1]: Reached target System Time Synchronized.
[[0;32m  OK  [0m] Reached target System Time Synchronized.
[   31.014844] systemd[1]: Started Forward Password Requests to Wall Directory Watch.
[[0;32m  OK  [0m] Started Forward Password Requests to Wall Directory Watch.
[   31.052944] systemd[1]: Listening on udev Control Socket.
[[0;32m  OK  [0m] Listening on udev Control Socket.
[   31.083380] systemd[1]: Listening on Journal Audit Socket.
[[0;32m  OK  [0m] Listening on Journal Audit Socket.
[   31.119676] systemd[1]: Listening on LVM2 poll daemon socket.
[[0;32m  OK  [0m] Listening on LVM2 poll daemon socket.
[   31.150340] systemd[1]: Reached target Swap.
[[0;32m  OK  [0m] Reached target Swap.
[   31.178149] systemd[1]: Listening on /dev/initctl Compatibility Named Pipe.
[[0;32m  OK  [0m] Listening on /dev/initctl Compatibility Named Pipe.
[   31.217315] systemd[1]: Created slice system-serial\x2dgetty.slice.
[[0;32m  OK  [0m] Created slice system-serial\x2dgetty.slice.
[   31.246573] systemd[1]: Reached target Encrypted Volumes.
[[0;32m  OK  [0m] Reached target Encrypted Volumes.
[   31.274196] systemd[1]: Listening on Journal Socket (/dev/log).
[[0;32m  OK  [0m] Listening on Journal Socket (/dev/log).
[   31.306010] systemd[1]: Created slice User and Session Slice.
[[0;32m  OK  [0m] Created slice User and Session Slice.
[   31.328165] systemd[1]: Reached target Slices.
[[0;32m  OK  [0m] Reached target Slices.
[   31.357049] systemd[1]: Listening on Journal Socket.
[[0;32m  OK  [0m] Listening on Journal Socket.
[   31.401167] systemd[1]: Starting Set console keymap...
         Starting Set console keymap...
[   31.432617] systemd[1]: Mounting POSIX Message Queue File System...
         Mounting POSIX Message Queue File System...
[   31.476327] systemd[1]: Mounting Huge Pages File System...
         Mounting Huge Pages File System...
[   31.519495] systemd[1]: Starting Nameserver information manager...
         Starting Nameserver information manager...
[   31.563589] systemd[1]: Starting Uncomplicated firewall...
         Starting Uncomplicated firewall...
[   31.621137] systemd[1]: Starting Load Kernel Modules...
         Starting Load Kernel Modules...
[   31.675581] systemd[1]: Mounting Debug File System...
         Mounting Debug File System...
[   31.712002] systemd[1]: Listening on Syslog Socket.
[[0;32m  OK  [0m] Listening on Syslog Socket.
[   31.753254] Loading iSCSI transport class v2.0-870.
[   31.767186] systemd[1]: Listening on fsck to fsckd communication Socket.
[[0;32m  OK  [0m] Listening on fsck to fsckd communication Socket.
[   31.834745] systemd[1]: Starting Create list of required static device nodes for the current kernel...
         Starting Create list of required st... nodes for the cu[   31.886176] iscsi: registered transport (tcp)
rrent kernel...
[   31.905318] systemd[1]: Reached target User and Group Name Lookups.
[[0;32m  OK  [0m] Reached target User and Group Name Lookups.
[   32.012855] systemd[1]: Starting Journal Service...
         Starting Journal Service...
[   32.150429] systemd[1]: Starting File System Check on Root Device...
         Starting File System Check on Root Device...
[   32.243775] systemd[1]: Listening on Device-mapper event daemon FIFOs.
[[0;32m  OK  [0m] Listening on Device-mapper event daemon FIFOs.
[   32.346619] systemd[1]: Starting Monitoring of LVM2 mirrors, snapshots etc. using dmeventd or progress polling...
         Starting Monitoring of LVM2 mirrors... dmeventd or progress polling...
[   32.441658] systemd[1]: Mounted Huge Pages File System.
[   32.457170] iscsi: registered transport (iser)
[[0;32m  OK  [0m] Mounted Huge Pages File System.
[   32.497008] systemd[1]: Mounted POSIX Message Queue File System.
[[0;32m  OK  [0m] Mounted POSIX Message Queue File System.
[   32.541793] systemd[1]: Mounted Debug File System.
[[0;32m  OK  [0m] Mounted Debug File System.
[   32.581465] systemd[1]: Started Journal Service.
[[0;32m  OK  [0m] Started Journal Service.
[[0;32m  OK  [0m] Started Set console keymap.
[[0;32m  OK  [0m] Started Uncomplicated firewall.
[[0;32m  OK  [0m] Started Load Kernel Modules.
[[0;32m  OK  [0m] Started Create list of required sta...ce nodes for the current kernel.
[[0;32m  OK  [0m] Started File System Check on Root Device.
[[0;32m  OK  [0m] Started Nameserver information manager.
[[0;32m  OK  [0m] Started LVM2 metadata daemon.
[[0;32m  OK  [0m] Started File System Check Daemon to report status.
         Starting Remount Root and Kernel File Systems...
[   33.021410] EXT4-fs (sda1): re-mounted. Opts: (null)
         Starting Create Static Device Nodes in /dev...
         Starting Apply Kernel Variables...
         Mounting FUSE Control File System...
[[0;32m  OK  [0m] Started Remount Root and Kernel File Systems.
[[0;32m  OK  [0m] Mounted FUSE Control File System.
         Starting Flush Journal to Persistent Storage...
         Starting udev Coldplug all Devices...
         Starting Load/Save Random Seed...
[[0;32m  OK  [0m] Started Create Static Device Nodes in /dev.
[[0;32m  OK  [0m] Started Monitoring of LVM2 mirrors,...ng dmeventd or progress polling.
[[0;32m  OK  [0m] Started Apply Kernel Variables.
[[0;32m  OK  [0m] Started Load/Save Random Seed.
[[0;32m  OK  [0m] Reached target Local File Systems (Pre).
[[0;32m  OK  [0m] Reached target Local File Systems.
         Starting Commit a transient machine-id on disk...
         Starting Initial cloud-init job (pre-networking)...
         Starting Tell Plymouth To Write Out Runtime Data...
         Starting LSB: AppArmor initialization...
         Starting Set console font and keymap...
         Starting udev Kernel Device Manager...
[[0;32m  OK  [0m] Started udev Coldplug all Devices.
[[0;32m  OK  [0m] Started Commit a transient machine-id on disk.
[[0;32m  OK  [0m] Started Tell Plymouth To Write Out Runtime Data.
[[0;32m  OK  [0m] Started Flush Journal to Persistent Storage.
[[0;32m  OK  [0m] Started udev Kernel Device Manager.
[[0;32m  OK  [0m] Started Dispatch Password Requests to Console Directory Watch.
         Starting Create Volatile Files and Directories...
[[0;32m  OK  [0m] Started Create Volatile Files and Directories.
         Starting Update UTMP about System Boot/Shutdown...
[[0;32m  OK  [0m] Started Update UTMP about System Boot/Shutdown.
[[0;32m  OK  [0m] Found device /dev/ttyS0.
[[0;32m  OK  [0m] Listening on Load/Save RF Kill Switch Status /dev/rfkill Watch.
[[0;32m  OK  [0m] Started LSB: AppArmor initialization.
[   37.415171] cloud-init[468]: [[0;32m  OK  [0m] Started Initial cloud-init job (pre-networking).
[[0;32m  OK  [0m] Reached target Network (Pre).
Cloud-init v. 21.1-19-gbad84ad4-0ubuntu1~16.04.2 running 'init-local' at Tue, 23 Nov 2021 11:09:27 +0000. Up 35.86 seconds.
         Starting Raise network interfaces...
         Starting Load AppArmor profiles managed internally by snapd...
[[0;32m  OK  [0m] Started Load AppArmor profiles managed internally by snapd.
[[0;32m  OK  [0m] Started Set console font and keymap.
[[0;32m  OK  [0m] Created slice system-getty.slice.
[[0;32m  OK  [0m] Started Raise network interfaces.
[[0;32m  OK  [0m] Reached target Network.
         Starting Initial cloud-init job (metadata service crawler)...
[   43.623401] cloud-init[948]: Cloud-init v. 21.1-19-gbad84ad4-0ubuntu1~16.04.2 running 'init' at Tue, 23 Nov 2021 11:09:33 +0000. Up 41.84 seconds.
[   43.647872] cloud-init[948]: ci-info: ++++++++++++++++++++++++++++++++++++++Net device info+++++++++++++++++++++++++++++++++++++++
[   43.672953] cloud-init[948]: ci-info: +--------+-------+----------------------------+---------------+--------+-------------------+
[   43.705308] cloud-init[948]: ci-info: | Device |   Up  |          Address           |      Mask     | Scope  |     Hw-Address    |
[   43.728991] cloud-init[948]: ci-info: +--------+-------+----------------------------+---------------+--------+-------------------+
[   43.753230] cloud-init[948]: ci-info: | enp0s3 |  True |         10.0.2.15          | 255.255.255.0 | global | 02:be:82:6b:cc:1d |
[   43.778293] cloud-init[948]: ci-info: | enp0s3 |  True | fe80::be:82ff:fe6b:cc1d/64 |       .       |  link  | 02:be:82:6b:cc:1d |
[   43.805714] cloud-init[948]: ci-info: | enp0s8 | False |             .              |       .       |   .    | 08:00:27:ee:3d:f4 |
[   43.828554] cloud-init[948]: ci-info: |   lo   |  True |         127.0.0.1          |   255.0.0.0   |  host  |         .         |
[   43.853983] cloud-init[948]: ci-info: |   lo   |  True |          ::1/128           |       .       |  host  |         .         |
[   43.878039] cloud-init[948]: ci-info: +--------+-------+----------------------------+---------------+--------+-------------------+
[   43.901783] cloud-init[948]: ci-info: +++++++++++++++++++++++++++Route IPv4 info++++++++++++++++++++++++++++
[   43.922860] cloud-init[948]: ci-info: +-------+-------------+----------+---------------+-----------+-------+
[   43.940221] cloud-init[948]: ci-info: | Route | Destination | Gateway  |    Genmask    | Interface | Flags |
[   43.957285] cloud-init[948]: ci-info: +-------+-------------+----------+---------------+-----------+-------+
[   43.974855] cloud-init[948]: ci-info: |   0   |   0.0.0.0   | 10.0.2.2 |    0.0.0.0    |   enp0s3  |   UG  |
[   43.994486] cloud-init[948]: ci-info: |   1   |   10.0.2.0  | 0.0.0.0  | 255.255.255.0 |   enp0s3  |   U   |
[   44.014581] cloud-init[948]: ci-info: +-------+-------------+----------+---------------+-----------+-------+
[   44.033930] cloud-init[948]: ci-info: +++++++++++++++++++Route IPv6 info+++++++++++++++++++
[   44.054183] cloud-init[948]: ci-info: +-------+-------------+---------+-----------+-------+
[   44.076625] cloud-init[948]: ci-info: | Route | Destination | Gateway | Interface | Flags |
[   44.095401] cloud-init[948]: ci-info: +-------+-------------+---------+-----------+-------+
[   44.115875] cloud-init[948]: ci-info: |   0   |  fe80::/64  |    ::   |   enp0s3  |   U   |
[[0;32m  OK  [0m] Started Initial cloud-init job (metadata service crawler).
[   44.141447] cloud-init[948]: ci-info: |   4   |   ff00::/8  |    ::   |   enp0s3  |   U   |
[[0;32m  OK  [0m] Reached target System Initialization.
[   44.184209] cloud-init[948]: ci-info: +-------+-------------+---------+-----------+-------+
[[0;32m  OK  [0m] Started Daily apt download activities.
[   44.227012] [[0;32m  OK  [0m] Started Daily Cleanup of Temporary Directories.
         Starting LXD - unix socket.
[[0;32m  OK  [0m] Listening on UUID daemon activation socket.
[[0;32m  OK  [0m] Listening on D-Bus System Message Bus Socket.
[[0;32m  OK  [0m] Started ACPI Events Check.
[[0;32m  OK  [0m] Reached target Paths.
         Starting Socket activation for snappy daemon.
[[0;32m  OK  [0m] Started Daily apt upgrade and clean activities.
[[0;32m  OK  [0m] Listening on ACPID Listen Socket.
[[0;32m  OK  [0m] Started Message of the Day.
[[0;32m  OK  [0m] Started Ubuntu Advantage update messaging.
[[0;32m  OK  [0m] Reached target Timers.
[[0;32m  OK  [0m] Reached target Network is Online.
cloud-init[948]: Generating public/private rsa key pair.
[   44.334694] cloud-init         Starting iSCSI initiator daemon (iscsid)...
[[0;32m  OK  [0m] Reached target Cloud-config availability.
[[0;32m  OK  [0m] Listening on LXD - unix socket.
[[0;32m  OK  [0m] Listening on Socket activation for snappy daemon.
[[0;32m  OK  [0m] Reached target Sockets.
[[0;32m  OK  [0m] Reached target Basic System.
[[0;32m  OK  [0m] Started D-Bus System Message Bus.
[948]: Your identification has been saved in /etc/ssh/ssh_host_rsa_key.
[   44.417927] cloud-init[948]: Your public key has been saved in /etc/ssh/ssh_host_rsa_key.pub.
[   44.459928] cloud-init[948]: The key fingerprint is:
[   44.493424] cloud-init[948]: SHA256:F35UQrYhsG2WnPCBwnKPsrZRQQQIGLLpC2E/G9gFuqo root@ubuntu-xenial
[   44.515570] cloud-init[948]: The key's randomart image is:
[   44.529778] cloud-init[948]: +---[RSA 2048]----+
[   44.542915] cloud-init[948]: |=o o.=o ooo.= .  |
[   44.555381] cloud-init[948]: |ooo o = .* * =   |
[   44.571577] cloud-init[948]: |+o   + =. X o    |
[   44.586180] cloud-init[948]: |o.= o o .+ o     |
[   44.598567] cloud-init[948]: |.+ = +  S o .    |
[   44.602357] cloud-init[948]: |o . B    . .     |
[   44.602491] cloud-init[948]: |.. o o           |
[   44.606269] cloud-init[948]: |.   .            |
[   44.607735] cloud-init[948]: |E                |
[   44.610843] cloud-init[948]: +----[SHA256]-----+
[   44.614338] cloud-init[948]: Generating public/private dsa key pair.
[   44.616006] cloud-init[948]: Your identification has been saved in /etc/ssh/ssh_host_dsa_key.
[   44.619348] cloud-init[948]: Your public key has been saved in /etc/ssh/ssh_host_dsa_key.pub.
[   44.622607] cloud-init[948]: The key fingerprint is:
[   44.624120] cloud-init[948]: SHA256:Z/LOfDZHfjqQn5JstEh0ad2ShGn3z/J0EddokZRanUY root@ubuntu-xenial
[   44.627607] cloud-init[948]: The key's randomart image is:
[   44.630767] cloud-init[948]: +---[DSA 1024]----+
[   44.630848] cloud-init[948]: |             ++Eo|
[   44.630920] cloud-init[948]: |            + O++|
[   44.631097] cloud-init[948]: |           . O.+o|
[   44.631196] cloud-init[948]: |          . = +.o|
[   44.631270] cloud-init[948]: |        S.oo . oo|
[   44.634724] cloud-init[948]: |         =. + o =|
[   44.638502] cloud-init[948]: |         ..+ B =.|
[   44.640705] cloud-init[948]: |         +. X * o|
[   44.640851] cloud-init[948]: |          ++ +.+ |
[   44.640940] cloud-init[948]: +----[SHA256]-----+
[   44.642422] cloud-init[948]: Generating public/private ecdsa key pair.
[   44.643671] cloud-init[948]: Your identification has been saved in /etc/ssh/ssh_host_ecdsa_key.
[   44.646501] cloud-init[948]: Your public key has been saved in /etc/ssh/ssh_host_ecdsa_key.pub.
[   44.647843] cloud-init[948]: The key fingerprint is:
[   44.647937] cloud-init[948]: SHA256:E0Vtn6NuiMNkg+PE9keiy5aoeo5L106cIwy4jcr3w00 root@ubuntu-xenial
[   44.648018] cloud-init[948]: The key's randomart image is:
[   44.648089] cloud-init[948]: +---[ECDSA 256]---+
[   44.648597] cloud-init[948]: |         .o.     |
[   44.648689] cloud-init[948]: |         .  o    |
[   44.650224] cloud-init[948]: |        .  . . . |
[   44.650325] cloud-init[948]: |.        .    +  |
[   44.650403] cloud-init[948]: |..   . .S    . . |
[   44.651769] cloud-init[948]: | +o o BE=.. .    |
[   44.653715] cloud-init[948]: |o..+.@oO = o     |
[   44.655223] cloud-init[948]: |+.o.=+*.= o o    |
[   44.656863] cloud-init[948]: |=*+..++. o .     |
[   44.656975] cloud-init[948]: +----[SHA256]-----+
[   44.657060] cloud-init[948]: Generating public/private ed25519 key pair.
[   44.657174] cloud-init[948]: Your identification has been saved in /etc/ssh/ssh_host_ed25519_key.
[   44.658521] cloud-init[948]: Your public key has been saved in /etc/ssh/ssh_host_ed25519_key.pub.
[   44.658602] cloud-init[948]: The key fingerprint is:
[   44.658674] cloud-init[948]: SHA256:VPvNxdINycsWK1bQUpjM0EmgyMkldjAPLucNBUKMAJk root@ubuntu-xenial
[   44.658750] cloud-init[948]: The key's randomart image is:
[   44.662066] cloud-init[948]: +--[ED25519 256]--+
[   44.663572] cloud-init[948]: |++ +o Bo+ +BoOo. |
[   44.666966] cloud-init[948]: |E . .* @ o .O *+.|
[   44.672118] cloud-init[948]: |    . O + .  +.+=|
[   44.673437] cloud-init[948]: |     + +   .oo=o |
[   44.674933] cloud-init[948]: |      . S  ..oo  |
[   44.677986] cloud-init[948]: |                 |
[   44.679344] cloud-init[948]: |                 |
[   44.682391] cloud-init[948]: |                 |
[   44.683844] cloud-init[948]: |                 |
[   44.686792] cloud-init[948]: +----[SHA256]-----+
         Starting LSB: Record successful boot for GRUB...
         Starting LXD - container startup/shutdown...
[[0;32m  OK  [0m] Started Regular background program processing daemon.
         Starting Virtualbox guest utils...
         Starting Snap Daemon...
[[0;32m  OK  [0m] Started Deferred execution scheduler.
[[0;32m  OK  [0m] Started ACPI event daemon.
         Starting LSB: MD monitoring daemon...
         Starting /etc/rc.local Compatibility...
         Starting Pollinate to seed the pseudo random number generator...
[[0;32m  OK  [0m] Started FUSE filesystem for LXC.
         Starting Login Service...
         Starting System Logging Service...
         Starting Accounts Service...
[[0;32m  OK  [0m] Started LXD - container startup/shutdown.
[[0;32m  OK  [0m] Started /etc/rc.local Compatibility.
[[0;32m  OK  [0m] Started System Logging Service.
[[0;32m  OK  [0m] Started Login Service.
[[0;32m  OK  [0m] Started Unattended Upgrades Shutdown.
[[0;32m  OK  [0m] Started iSCSI initiator daemon (iscsid).
         Starting Login to default iSCSI targets...
[[0;32m  OK  [0m] Started LSB: MD monitoring daemon.
[[0;32m  OK  [0m] Started LSB: Record successful boot for GRUB.
[[0;32m  OK  [0m] Started Login to default iSCSI targets.
[[0;32m  OK  [0m] Reached target Remote File Systems (Pre).
[[0;32m  OK  [0m] Reached target Remote File Systems.
         Starting LSB: Set the CPU Frequency Scaling governor to "ondemand"...
         Starting LSB: daemon to balance interrupts for SMP systems...
         Starting LSB: automatic crash report generation...
         Starting Permit User Sessions...
[[0;32m  OK  [0m] Started Permit User Sessions.
         Starting Authenticate and Authorize Users to Run Privileged Tasks...
         Starting Hold until boot process finishes up...
         Starting Terminate Plymouth Boot Screen...
[[0;32m  OK  [0m] Started LSB: Set the CPU Frequency Scaling governor to "ondemand".
[[0;32m  OK  [0m] Started LSB: daemon to balance interrupts for SMP systems.
[[0;32m  OK  [0m] Started Virtualbox guest utils.
[[0;32m  OK  [0m] Started Hold until boot process finishes up.
[[0;32m  OK  [0m] Started Terminate Plymouth Boot Screen.
[[0;32m  OK  [0m] Started Authenticate and Authorize Users to Run Privileged Tasks.
[[0;32m  OK  [0m] Started Accounts Service.
[[0;32m  OK  [0m] Started Getty on tty1.
         Starting Set console scheme...
[[0;32m  OK  [0m] Started Serial Getty on ttyS0.
[[0;32m  OK  [0m] Reached target Login Prompts.
[[0;32m  OK  [0m] Started LSB: automatic crash report generation.
[[0;32m  OK  [0m] Started Set console scheme.
[[0;32m  OK  [0m] Started Snap Daemon.
         Starting Wait until snapd is fully seeded...
[[0;32m  OK  [0m] Started Wait until snapd is fully seeded.
         Starting Apply the settings specified in cloud-config...
[[0;32m  OK  [0m] Started Pollinate to seed the pseudo random number generator.
         Starting OpenBSD Secure Shell server...
[[0;32m  OK  [0m] Started OpenBSD Secure Shell server.
[[0;32m  OK  [0m] Reached target Multi-User System.
[[0;32m  OK  [0m] Reached target Graphical Interface.
         Starting Update UTMP about System Runlevel Changes...
[[0;32m  OK  [0m] Started Update UTMP about System Runlevel Changes.
[[0;32m  OK  [0m] Created slice User Slice of vagrant.
         Starting User Manager for UID 1000...
[[0;32m  OK  [0m] Started Session 1 of user vagrant.
[[0;32m  OK  [0m] Started User Manager for UID 1000.
[   53.787141] cloud-init[1276]: Generating locales (this might take a while)...

Ubuntu 16.04.7 LTS ubuntu-xenial ttyS0

ubuntu-xenial login: [   61.269556] cloud-init[1276]:   en_US.UTF-8... done
[   61.279659] cloud-init[1276]: Generation complete.
[   63.212965] cloud-init[1276]: Cloud-init v. 21.1-19-gbad84ad4-0ubuntu1~16.04.2 running 'modules:config' at Tue, 23 Nov 2021 11:09:44 +0000. Up 53.08 seconds.
ci-info: no authorized SSH keys fingerprints found for user ubuntu.
<14>Nov 23 11:09:56 ec2: 
<14>Nov 23 11:09:56 ec2: #############################################################
<14>Nov 23 11:09:56 ec2: -----BEGIN SSH HOST KEY FINGERPRINTS-----
<14>Nov 23 11:09:56 ec2: 1024 SHA256:Z/LOfDZHfjqQn5JstEh0ad2ShGn3z/J0EddokZRanUY root@ubuntu-xenial (DSA)
<14>Nov 23 11:09:56 ec2: 256 SHA256:E0Vtn6NuiMNkg+PE9keiy5aoeo5L106cIwy4jcr3w00 root@ubuntu-xenial (ECDSA)
<14>Nov 23 11:09:56 ec2: 256 SHA256:VPvNxdINycsWK1bQUpjM0EmgyMkldjAPLucNBUKMAJk root@ubuntu-xenial (ED25519)
<14>Nov 23 11:09:56 ec2: 2048 SHA256:F35UQrYhsG2WnPCBwnKPsrZRQQQIGLLpC2E/G9gFuqo root@ubuntu-xenial (RSA)
<14>Nov 23 11:09:56 ec2: -----END SSH HOST KEY FINGERPRINTS-----
<14>Nov 23 11:09:56 ec2: #############################################################
-----BEGIN SSH HOST KEY KEYS-----
ecdsa-sha2-nistp256 AAAAE2VjZHNhLXNoYTItbmlzdHAyNTYAAAAIbmlzdHAyNTYAAABBBJWmDGvrgbUcTU0ZUFn2T6nMTPZc6KXx2xUrRTWmZqPDSkQq0yDuEuBEDCi6nCeMbpV9dN2VM0YarvnlqrRX/w8= root@ubuntu-xenial
ssh-ed25519 AAAAC3NzaC1lZDI1NTE5AAAAIKSqqEjfvlYk5prfDhxPNM3+fvVXXX28gNdgKPQDSr7D root@ubuntu-xenial
ssh-rsa AAAAB3NzaC1yc2EAAAADAQABAAABAQDPwRWRYpZ2Z02eeRtA6qKHB+mBcS0TzfN3TjEdnJsT0BXJmu0xRGhgLpNw2QoTPi9Uqedf225jBVPB7Y9UaMmC/7HIJtSnZ1jTxwwq4WeWGgxU+OBWJ5el473edZGkUdlNchUkt+aLXQk+9Kc5rtux+Gq47C2KZzsz/OD7KPt/dhnfA2p7Mdd5WG5U7z25U5KEj82UoG5OxrShChGXYoU2JfEjDQIwe17jutj9a1/9K7orsPgY6om7Hp6pPPLrmO6BICbRl0ZXJwqbWhxoDdQQgg8+uH/033mf9lxYdkuMh1ryB4oAri4oRubuE1ykYi4oYeZ8q1mYPE4KTTw/bMpf root@ubuntu-xenial
-----END SSH HOST KEY KEYS-----
[   65.203865] cloud-init[1550]: Cloud-init v. 21.1-19-gbad84ad4-0ubuntu1~16.04.2 running 'modules:final' at Tue, 23 Nov 2021 11:09:56 +0000. Up 64.46 seconds.
[   65.205339] cloud-init[1550]: ci-info: no authorized SSH keys fingerprints found for user ubuntu.
[   65.206087] cloud-init[1550]: Cloud-init v. 21.1-19-gbad84ad4-0ubuntu1~16.04.2 finished at Tue, 23 Nov 2021 11:09:56 +0000. Datasource DataSourceNoCloud [seed=/dev/sdb][dsmode=net].  Up 65.17 seconds
